{"C:\\win10new\\okten\\Okten_Study\\control_tasks\\diploma\\backend\\src\\app.controller.ts": {"path":"C:\\win10new\\okten\\Okten_Study\\control_tasks\\diploma\\backend\\src\\app.controller.ts","statementMap":{"0":{"start":{"line":1,"column":0},"end":{"line":1,"column":49}},"1":{"start":{"line":2,"column":0},"end":{"line":2,"column":43}},"2":{"start":{"line":5,"column":7},"end":{"line":12,"column":null}},"3":{"start":{"line":6,"column":31},"end":{"line":6,"column":43}},"4":{"start":{"line":10,"column":4},"end":{"line":10,"column":38}},"5":{"start":{"line":5,"column":13},"end":{"line":5,"column":26}},"6":{"start":{"line":9,"column":2},"end":{"line":11,"column":null}},"7":{"start":{"line":5,"column":13},"end":{"line":12,"column":null}}},"fnMap":{"0":{"name":"(anonymous_2)","decl":{"start":{"line":6,"column":2},"end":{"line":6,"column":31}},"loc":{"start":{"line":6,"column":53},"end":{"line":6,"column":57}}},"1":{"name":"(anonymous_3)","decl":{"start":{"line":9,"column":2},"end":{"line":9,"column":10}},"loc":{"start":{"line":9,"column":10},"end":{"line":11,"column":3}}}},"branchMap":{"0":{"loc":{"start":{"line":6,"column":43},"end":{"line":6,"column":56}},"type":"cond-expr","locations":[{"start":{"line":6,"column":53},"end":{"line":6,"column":56}},{"start":{"line":6,"column":53},"end":{"line":6,"column":56}}]},"1":{"loc":{"start":{"line":6,"column":43},"end":{"line":6,"column":53}},"type":"binary-expr","locations":[{"start":{"line":6,"column":43},"end":{"line":6,"column":56}},{"start":{"line":6,"column":43},"end":{"line":6,"column":53}}]}},"s":{"0":1,"1":1,"2":1,"3":1,"4":1,"5":1,"6":1,"7":1},"f":{"0":1,"1":1},"b":{"0":[1,0],"1":[1,1]}}
,"C:\\win10new\\okten\\Okten_Study\\control_tasks\\diploma\\backend\\src\\app.module.ts": {"path":"C:\\win10new\\okten\\Okten_Study\\control_tasks\\diploma\\backend\\src\\app.module.ts","statementMap":{"0":{"start":{"line":1,"column":0},"end":{"line":1,"column":33}},"1":{"start":{"line":3,"column":0},"end":{"line":3,"column":72}},"2":{"start":{"line":4,"column":0},"end":{"line":4,"column":46}},"3":{"start":{"line":5,"column":0},"end":{"line":5,"column":56}},"4":{"start":{"line":6,"column":0},"end":{"line":6,"column":49}},"5":{"start":{"line":7,"column":0},"end":{"line":7,"column":43}},"6":{"start":{"line":8,"column":0},"end":{"line":8,"column":60}},"7":{"start":{"line":9,"column":0},"end":{"line":9,"column":60}},"8":{"start":{"line":10,"column":0},"end":{"line":10,"column":54}},"9":{"start":{"line":11,"column":0},"end":{"line":11,"column":57}},"10":{"start":{"line":12,"column":0},"end":{"line":12,"column":51}},"11":{"start":{"line":13,"column":0},"end":{"line":13,"column":60}},"12":{"start":{"line":32,"column":7},"end":{"line":36,"column":null}},"13":{"start":{"line":34,"column":4},"end":{"line":34,"column":50}},"14":{"start":{"line":32,"column":13},"end":{"line":32,"column":22}},"15":{"start":{"line":32,"column":13},"end":{"line":36,"column":null}}},"fnMap":{"0":{"name":"(anonymous_1)","decl":{"start":{"line":33,"column":2},"end":{"line":33,"column":11}},"loc":{"start":{"line":33,"column":40},"end":{"line":35,"column":3}}}},"branchMap":{},"s":{"0":0,"1":0,"2":0,"3":0,"4":0,"5":0,"6":0,"7":0,"8":0,"9":0,"10":0,"11":0,"12":0,"13":0,"14":0,"15":0},"f":{"0":0},"b":{}}
,"C:\\win10new\\okten\\Okten_Study\\control_tasks\\diploma\\backend\\src\\app.service.ts": {"path":"C:\\win10new\\okten\\Okten_Study\\control_tasks\\diploma\\backend\\src\\app.service.ts","statementMap":{"0":{"start":{"line":1,"column":0},"end":{"line":1,"column":44}},"1":{"start":{"line":4,"column":7},"end":{"line":8,"column":null}},"2":{"start":{"line":6,"column":4},"end":{"line":6,"column":26}},"3":{"start":{"line":4,"column":13},"end":{"line":4,"column":23}},"4":{"start":{"line":4,"column":13},"end":{"line":8,"column":null}}},"fnMap":{"0":{"name":"(anonymous_1)","decl":{"start":{"line":5,"column":2},"end":{"line":5,"column":10}},"loc":{"start":{"line":5,"column":10},"end":{"line":7,"column":3}}}},"branchMap":{},"s":{"0":1,"1":1,"2":1,"3":1,"4":1},"f":{"0":1},"b":{}}
,"C:\\win10new\\okten\\Okten_Study\\control_tasks\\diploma\\backend\\src\\main.ts": {"path":"C:\\win10new\\okten\\Okten_Study\\control_tasks\\diploma\\backend\\src\\main.ts","statementMap":{"0":{"start":{"line":1,"column":0},"end":{"line":1,"column":48}},"1":{"start":{"line":2,"column":0},"end":{"line":2,"column":43}},"2":{"start":{"line":5,"column":0},"end":{"line":5,"column":41}},"3":{"start":{"line":8,"column":14},"end":{"line":10,"column":4}},"4":{"start":{"line":11,"column":2},"end":{"line":17,"column":4}},"5":{"start":{"line":18,"column":2},"end":{"line":18,"column":28}},"6":{"start":{"line":19,"column":2},"end":{"line":22,"column":5}},"7":{"start":{"line":23,"column":15},"end":{"line":23,"column":39}},"8":{"start":{"line":24,"column":2},"end":{"line":24,"column":25}},"9":{"start":{"line":26,"column":0},"end":{"line":26,"column":17}}},"fnMap":{"0":{"name":"bootstrap","decl":{"start":{"line":7,"column":15},"end":{"line":7,"column":24}},"loc":{"start":{"line":7,"column":24},"end":{"line":25,"column":1}}}},"branchMap":{"0":{"loc":{"start":{"line":20,"column":12},"end":{"line":20,"column":44}},"type":"binary-expr","locations":[{"start":{"line":20,"column":12},"end":{"line":20,"column":36}},{"start":{"line":20,"column":40},"end":{"line":20,"column":44}}]},"1":{"loc":{"start":{"line":23,"column":15},"end":{"line":23,"column":39}},"type":"binary-expr","locations":[{"start":{"line":23,"column":15},"end":{"line":23,"column":31}},{"start":{"line":23,"column":35},"end":{"line":23,"column":39}}]}},"s":{"0":0,"1":0,"2":0,"3":0,"4":0,"5":0,"6":0,"7":0,"8":0,"9":0},"f":{"0":0},"b":{"0":[0,0],"1":[0,0]}}
,"C:\\win10new\\okten\\Okten_Study\\control_tasks\\diploma\\backend\\src\\ai\\ai.module.ts": {"path":"C:\\win10new\\okten\\Okten_Study\\control_tasks\\diploma\\backend\\src\\ai\\ai.module.ts","statementMap":{"0":{"start":{"line":1,"column":0},"end":{"line":1,"column":40}},"1":{"start":{"line":2,"column":0},"end":{"line":2,"column":41}},"2":{"start":{"line":8,"column":7},"end":{"line":8,"column":null}},"3":{"start":{"line":8,"column":13},"end":{"line":8,"column":21}},"4":{"start":{"line":8,"column":13},"end":{"line":8,"column":null}}},"fnMap":{},"branchMap":{},"s":{"0":0,"1":0,"2":0,"3":0,"4":0},"f":{},"b":{}}
,"C:\\win10new\\okten\\Okten_Study\\control_tasks\\diploma\\backend\\src\\ai\\ai.service.ts": {"path":"C:\\win10new\\okten\\Okten_Study\\control_tasks\\diploma\\backend\\src\\ai\\ai.service.ts","statementMap":{"0":{"start":{"line":1,"column":0},"end":{"line":1,"column":null}},"1":{"start":{"line":7,"column":0},"end":{"line":7,"column":47}},"2":{"start":{"line":8,"column":0},"end":{"line":8,"column":42}},"3":{"start":{"line":27,"column":2},"end":{"line":31,"column":3}},"4":{"start":{"line":28,"column":4},"end":{"line":28,"column":29}},"5":{"start":{"line":30,"column":4},"end":{"line":30,"column":68}},"6":{"start":{"line":33,"column":2},"end":{"line":35,"column":3}},"7":{"start":{"line":34,"column":4},"end":{"line":34,"column":72}},"8":{"start":{"line":37,"column":12},"end":{"line":37,"column":45}},"9":{"start":{"line":38,"column":40},"end":{"line":38,"column":41}},"10":{"start":{"line":40,"column":2},"end":{"line":42,"column":3}},"11":{"start":{"line":41,"column":4},"end":{"line":41,"column":75}},"12":{"start":{"line":43,"column":2},"end":{"line":45,"column":3}},"13":{"start":{"line":44,"column":4},"end":{"line":44,"column":79}},"14":{"start":{"line":46,"column":2},"end":{"line":50,"column":3}},"15":{"start":{"line":46,"column":32},"end":{"line":46,"column":53}},"16":{"start":{"line":47,"column":4},"end":{"line":49,"column":6}},"17":{"start":{"line":51,"column":2},"end":{"line":53,"column":3}},"18":{"start":{"line":52,"column":4},"end":{"line":52,"column":73}},"19":{"start":{"line":54,"column":2},"end":{"line":58,"column":3}},"20":{"start":{"line":54,"column":26},"end":{"line":54,"column":47}},"21":{"start":{"line":55,"column":4},"end":{"line":57,"column":6}},"22":{"start":{"line":59,"column":2},"end":{"line":63,"column":3}},"23":{"start":{"line":60,"column":4},"end":{"line":62,"column":6}},"24":{"start":{"line":65,"column":2},"end":{"line":69,"column":4}},"25":{"start":{"line":67,"column":40},"end":{"line":67,"column":56}},"26":{"start":{"line":68,"column":28},"end":{"line":68,"column":44}},"27":{"start":{"line":73,"column":22},"end":{"line":196,"column":null}},"28":{"start":{"line":74,"column":28},"end":{"line":74,"column":54}},"29":{"start":{"line":76,"column":31},"end":{"line":76,"column":39}},"30":{"start":{"line":81,"column":26},"end":{"line":81,"column":79}},"31":{"start":{"line":82,"column":27},"end":{"line":84,"column":14}},"32":{"start":{"line":85,"column":22},"end":{"line":85,"column":71}},"33":{"start":{"line":86,"column":23},"end":{"line":86,"column":73}},"34":{"start":{"line":88,"column":28},"end":{"line":88,"column":68}},"35":{"start":{"line":94,"column":4},"end":{"line":108,"column":5}},"36":{"start":{"line":95,"column":6},"end":{"line":95,"column":30}},"37":{"start":{"line":96,"column":6},"end":{"line":96,"column":51}},"38":{"start":{"line":97,"column":6},"end":{"line":99,"column":29}},"39":{"start":{"line":100,"column":11},"end":{"line":108,"column":5}},"40":{"start":{"line":101,"column":6},"end":{"line":101,"column":25}},"41":{"start":{"line":102,"column":6},"end":{"line":102,"column":47}},"42":{"start":{"line":103,"column":6},"end":{"line":103,"column":79}},"43":{"start":{"line":105,"column":6},"end":{"line":107,"column":8}},"44":{"start":{"line":110,"column":19},"end":{"line":113,"column":6}},"45":{"start":{"line":115,"column":20},"end":{"line":124,"column":6}},"46":{"start":{"line":126,"column":32},"end":{"line":126,"column":34}},"47":{"start":{"line":127,"column":4},"end":{"line":131,"column":5}},"48":{"start":{"line":128,"column":6},"end":{"line":130,"column":8}},"49":{"start":{"line":132,"column":4},"end":{"line":136,"column":5}},"50":{"start":{"line":133,"column":6},"end":{"line":135,"column":8}},"51":{"start":{"line":137,"column":4},"end":{"line":141,"column":5}},"52":{"start":{"line":138,"column":6},"end":{"line":140,"column":8}},"53":{"start":{"line":143,"column":6},"end":{"line":145,"column":12}},"54":{"start":{"line":147,"column":4},"end":{"line":194,"column":5}},"55":{"start":{"line":148,"column":25},"end":{"line":170,"column":8}},"56":{"start":{"line":172,"column":18},"end":{"line":172,"column":57}},"57":{"start":{"line":173,"column":6},"end":{"line":175,"column":7}},"58":{"start":{"line":174,"column":8},"end":{"line":174,"column":71}},"59":{"start":{"line":177,"column":6},"end":{"line":177,"column":45}},"60":{"start":{"line":179,"column":6},"end":{"line":181,"column":7}},"61":{"start":{"line":180,"column":8},"end":{"line":180,"column":16}},"62":{"start":{"line":182,"column":6},"end":{"line":190,"column":7}},"63":{"start":{"line":184,"column":10},"end":{"line":186,"column":16}},"64":{"start":{"line":187,"column":8},"end":{"line":189,"column":10}},"65":{"start":{"line":191,"column":6},"end":{"line":193,"column":8}},"66":{"start":{"line":73,"column":13},"end":{"line":73,"column":22}},"67":{"start":{"line":73,"column":13},"end":{"line":196,"column":null}}},"fnMap":{"0":{"name":"parseAndValidateRecipeJson","decl":{"start":{"line":25,"column":9},"end":{"line":25,"column":35}},"loc":{"start":{"line":25,"column":47},"end":{"line":70,"column":1}}},"1":{"name":"(anonymous_12)","decl":{"start":{"line":46,"column":25},"end":{"line":46,"column":26}},"loc":{"start":{"line":46,"column":32},"end":{"line":46,"column":53}}},"2":{"name":"(anonymous_13)","decl":{"start":{"line":54,"column":19},"end":{"line":54,"column":20}},"loc":{"start":{"line":54,"column":26},"end":{"line":54,"column":47}}},"3":{"name":"(anonymous_14)","decl":{"start":{"line":67,"column":33},"end":{"line":67,"column":34}},"loc":{"start":{"line":67,"column":40},"end":{"line":67,"column":56}}},"4":{"name":"(anonymous_15)","decl":{"start":{"line":68,"column":21},"end":{"line":68,"column":22}},"loc":{"start":{"line":68,"column":28},"end":{"line":68,"column":44}}},"5":{"name":"(anonymous_16)","decl":{"start":{"line":76,"column":2},"end":{"line":76,"column":31}},"loc":{"start":{"line":76,"column":52},"end":{"line":76,"column":56}}},"6":{"name":"(anonymous_17)","decl":{"start":{"line":78,"column":2},"end":{"line":78,"column":7}},"loc":{"start":{"line":79,"column":30},"end":{"line":195,"column":3}}}},"branchMap":{"0":{"loc":{"start":{"line":33,"column":2},"end":{"line":35,"column":3}},"type":"if","locations":[{"start":{"line":33,"column":2},"end":{"line":35,"column":3}},{"start":{},"end":{}}]},"1":{"loc":{"start":{"line":33,"column":6},"end":{"line":33,"column":51}},"type":"binary-expr","locations":[{"start":{"line":33,"column":6},"end":{"line":33,"column":32}},{"start":{"line":33,"column":36},"end":{"line":33,"column":51}}]},"2":{"loc":{"start":{"line":40,"column":2},"end":{"line":42,"column":3}},"type":"if","locations":[{"start":{"line":40,"column":2},"end":{"line":42,"column":3}},{"start":{},"end":{}}]},"3":{"loc":{"start":{"line":40,"column":6},"end":{"line":40,"column":48}},"type":"binary-expr","locations":[{"start":{"line":40,"column":6},"end":{"line":40,"column":31}},{"start":{"line":40,"column":35},"end":{"line":40,"column":48}}]},"4":{"loc":{"start":{"line":43,"column":2},"end":{"line":45,"column":3}},"type":"if","locations":[{"start":{"line":43,"column":2},"end":{"line":45,"column":3}},{"start":{},"end":{}}]},"5":{"loc":{"start":{"line":46,"column":2},"end":{"line":50,"column":3}},"type":"if","locations":[{"start":{"line":46,"column":2},"end":{"line":50,"column":3}},{"start":{},"end":{}}]},"6":{"loc":{"start":{"line":51,"column":2},"end":{"line":53,"column":3}},"type":"if","locations":[{"start":{"line":51,"column":2},"end":{"line":53,"column":3}},{"start":{},"end":{}}]},"7":{"loc":{"start":{"line":54,"column":2},"end":{"line":58,"column":3}},"type":"if","locations":[{"start":{"line":54,"column":2},"end":{"line":58,"column":3}},{"start":{},"end":{}}]},"8":{"loc":{"start":{"line":59,"column":2},"end":{"line":63,"column":3}},"type":"if","locations":[{"start":{"line":59,"column":2},"end":{"line":63,"column":3}},{"start":{},"end":{}}]},"9":{"loc":{"start":{"line":59,"column":6},"end":{"line":59,"column":52}},"type":"binary-expr","locations":[{"start":{"line":59,"column":6},"end":{"line":59,"column":30}},{"start":{"line":59,"column":34},"end":{"line":59,"column":52}}]},"10":{"loc":{"start":{"line":88,"column":36},"end":{"line":88,"column":67}},"type":"binary-expr","locations":[{"start":{"line":88,"column":36},"end":{"line":88,"column":49}},{"start":{"line":88,"column":53},"end":{"line":88,"column":67}}]},"11":{"loc":{"start":{"line":94,"column":4},"end":{"line":108,"column":5}},"type":"if","locations":[{"start":{"line":94,"column":4},"end":{"line":108,"column":5}},{"start":{"line":100,"column":11},"end":{"line":108,"column":5}}]},"12":{"loc":{"start":{"line":98,"column":8},"end":{"line":99,"column":28}},"type":"binary-expr","locations":[{"start":{"line":98,"column":8},"end":{"line":98,"column":59}},{"start":{"line":99,"column":8},"end":{"line":99,"column":28}}]},"13":{"loc":{"start":{"line":100,"column":11},"end":{"line":108,"column":5}},"type":"if","locations":[{"start":{"line":100,"column":11},"end":{"line":108,"column":5}},{"start":{"line":104,"column":11},"end":{"line":108,"column":5}}]},"14":{"loc":{"start":{"line":103,"column":14},"end":{"line":103,"column":78}},"type":"binary-expr","locations":[{"start":{"line":103,"column":14},"end":{"line":103,"column":61}},{"start":{"line":103,"column":65},"end":{"line":103,"column":78}}]},"15":{"loc":{"start":{"line":112,"column":10},"end":{"line":112,"column":36}},"type":"cond-expr","locations":[{"start":{"line":112,"column":20},"end":{"line":112,"column":31}},{"start":{"line":112,"column":34},"end":{"line":112,"column":36}}]},"16":{"loc":{"start":{"line":116,"column":19},"end":{"line":116,"column":42}},"type":"binary-expr","locations":[{"start":{"line":116,"column":19},"end":{"line":116,"column":36}},{"start":{"line":116,"column":40},"end":{"line":116,"column":42}}]},"17":{"loc":{"start":{"line":117,"column":16},"end":{"line":117,"column":38}},"type":"binary-expr","locations":[{"start":{"line":117,"column":16},"end":{"line":117,"column":30}},{"start":{"line":117,"column":34},"end":{"line":117,"column":38}}]},"18":{"loc":{"start":{"line":118,"column":18},"end":{"line":118,"column":42}},"type":"binary-expr","locations":[{"start":{"line":118,"column":18},"end":{"line":118,"column":34}},{"start":{"line":118,"column":38},"end":{"line":118,"column":42}}]},"19":{"loc":{"start":{"line":119,"column":12},"end":{"line":119,"column":38}},"type":"binary-expr","locations":[{"start":{"line":119,"column":12},"end":{"line":119,"column":30}},{"start":{"line":119,"column":34},"end":{"line":119,"column":38}}]},"20":{"loc":{"start":{"line":120,"column":20},"end":{"line":120,"column":72}},"type":"cond-expr","locations":[{"start":{"line":120,"column":49},"end":{"line":120,"column":67}},{"start":{"line":120,"column":70},"end":{"line":120,"column":72}}]},"21":{"loc":{"start":{"line":121,"column":24},"end":{"line":123,"column":12}},"type":"cond-expr","locations":[{"start":{"line":122,"column":10},"end":{"line":122,"column":32}},{"start":{"line":123,"column":10},"end":{"line":123,"column":12}}]},"22":{"loc":{"start":{"line":127,"column":4},"end":{"line":131,"column":5}},"type":"if","locations":[{"start":{"line":127,"column":4},"end":{"line":131,"column":5}},{"start":{},"end":{}}]},"23":{"loc":{"start":{"line":132,"column":4},"end":{"line":136,"column":5}},"type":"if","locations":[{"start":{"line":132,"column":4},"end":{"line":136,"column":5}},{"start":{},"end":{}}]},"24":{"loc":{"start":{"line":137,"column":4},"end":{"line":141,"column":5}},"type":"if","locations":[{"start":{"line":137,"column":4},"end":{"line":141,"column":5}},{"start":{},"end":{}}]},"25":{"loc":{"start":{"line":143,"column":6},"end":{"line":145,"column":12}},"type":"cond-expr","locations":[{"start":{"line":144,"column":10},"end":{"line":144,"column":59}},{"start":{"line":145,"column":10},"end":{"line":145,"column":12}}]},"26":{"loc":{"start":{"line":173,"column":6},"end":{"line":175,"column":7}},"type":"if","locations":[{"start":{"line":173,"column":6},"end":{"line":175,"column":7}},{"start":{},"end":{}}]},"27":{"loc":{"start":{"line":179,"column":6},"end":{"line":181,"column":7}},"type":"if","locations":[{"start":{"line":179,"column":6},"end":{"line":181,"column":7}},{"start":{},"end":{}}]},"28":{"loc":{"start":{"line":182,"column":6},"end":{"line":190,"column":7}},"type":"if","locations":[{"start":{"line":182,"column":6},"end":{"line":190,"column":7}},{"start":{},"end":{}}]},"29":{"loc":{"start":{"line":184,"column":10},"end":{"line":186,"column":16}},"type":"cond-expr","locations":[{"start":{"line":185,"column":14},"end":{"line":185,"column":159}},{"start":{"line":186,"column":14},"end":{"line":186,"column":16}}]},"30":{"loc":{"start":{"line":192,"column":8},"end":{"line":192,"column":64}},"type":"cond-expr","locations":[{"start":{"line":192,"column":29},"end":{"line":192,"column":38}},{"start":{"line":192,"column":41},"end":{"line":192,"column":64}}]},"31":{"loc":{"start":{"line":76,"column":39},"end":{"line":76,"column":55}},"type":"cond-expr","locations":[{"start":{"line":76,"column":52},"end":{"line":76,"column":55}},{"start":{"line":76,"column":52},"end":{"line":76,"column":55}}]},"32":{"loc":{"start":{"line":76,"column":39},"end":{"line":76,"column":52}},"type":"binary-expr","locations":[{"start":{"line":76,"column":39},"end":{"line":76,"column":55}},{"start":{"line":76,"column":39},"end":{"line":76,"column":52}}]}},"s":{"0":0,"1":0,"2":0,"3":0,"4":0,"5":0,"6":0,"7":0,"8":0,"9":0,"10":0,"11":0,"12":0,"13":0,"14":0,"15":0,"16":0,"17":0,"18":0,"19":0,"20":0,"21":0,"22":0,"23":0,"24":0,"25":0,"26":0,"27":0,"28":0,"29":0,"30":0,"31":0,"32":0,"33":0,"34":0,"35":0,"36":0,"37":0,"38":0,"39":0,"40":0,"41":0,"42":0,"43":0,"44":0,"45":0,"46":0,"47":0,"48":0,"49":0,"50":0,"51":0,"52":0,"53":0,"54":0,"55":0,"56":0,"57":0,"58":0,"59":0,"60":0,"61":0,"62":0,"63":0,"64":0,"65":0,"66":0,"67":0},"f":{"0":0,"1":0,"2":0,"3":0,"4":0,"5":0,"6":0},"b":{"0":[0,0],"1":[0,0],"2":[0,0],"3":[0,0],"4":[0,0],"5":[0,0],"6":[0,0],"7":[0,0],"8":[0,0],"9":[0,0],"10":[0,0],"11":[0,0],"12":[0,0],"13":[0,0],"14":[0,0],"15":[0,0],"16":[0,0],"17":[0,0],"18":[0,0],"19":[0,0],"20":[0,0],"21":[0,0],"22":[0,0],"23":[0,0],"24":[0,0],"25":[0,0],"26":[0,0],"27":[0,0],"28":[0,0],"29":[0,0],"30":[0,0],"31":[0,0],"32":[0,0]}}
,"C:\\win10new\\okten\\Okten_Study\\control_tasks\\diploma\\backend\\src\\auth\\auth.middleware.ts": {"path":"C:\\win10new\\okten\\Okten_Study\\control_tasks\\diploma\\backend\\src\\auth\\auth.middleware.ts","statementMap":{"0":{"start":{"line":1,"column":0},"end":{"line":1,"column":null}},"1":{"start":{"line":6,"column":0},"end":{"line":6,"column":47}},"2":{"start":{"line":7,"column":0},"end":{"line":7,"column":64}},"3":{"start":{"line":10,"column":0},"end":{"line":10,"column":54}},"4":{"start":{"line":13,"column":12},"end":{"line":13,"column":37}},"5":{"start":{"line":14,"column":2},"end":{"line":14,"column":66}},"6":{"start":{"line":18,"column":2},"end":{"line":23,"column":3}},"7":{"start":{"line":19,"column":14},"end":{"line":20,"column":null}},"8":{"start":{"line":20,"column":13},"end":{"line":20,"column":53}},"9":{"start":{"line":22,"column":4},"end":{"line":22,"column":33}},"10":{"start":{"line":22,"column":11},"end":{"line":22,"column":33}},"11":{"start":{"line":24,"column":2},"end":{"line":24,"column":57}},"12":{"start":{"line":28,"column":15},"end":{"line":31,"column":11}},"13":{"start":{"line":32,"column":2},"end":{"line":32,"column":24}},"14":{"start":{"line":32,"column":12},"end":{"line":32,"column":24}},"15":{"start":{"line":33,"column":2},"end":{"line":33,"column":52}},"16":{"start":{"line":33,"column":26},"end":{"line":33,"column":52}},"17":{"start":{"line":34,"column":2},"end":{"line":34,"column":16}},"18":{"start":{"line":38,"column":7},"end":{"line":75,"column":null}},"19":{"start":{"line":40,"column":21},"end":{"line":40,"column":29}},"20":{"start":{"line":41,"column":21},"end":{"line":41,"column":35}},"21":{"start":{"line":45,"column":4},"end":{"line":45,"column":25}},"22":{"start":{"line":47,"column":18},"end":{"line":47,"column":29}},"23":{"start":{"line":48,"column":22},"end":{"line":48,"column":65}},"24":{"start":{"line":49,"column":4},"end":{"line":51,"column":5}},"25":{"start":{"line":50,"column":6},"end":{"line":50,"column":20}},"26":{"start":{"line":53,"column":4},"end":{"line":71,"column":5}},"27":{"start":{"line":54,"column":31},"end":{"line":54,"column":70}},"28":{"start":{"line":55,"column":6},"end":{"line":55,"column":34}},"29":{"start":{"line":55,"column":20},"end":{"line":55,"column":34}},"30":{"start":{"line":57,"column":20},"end":{"line":57,"column":52}},"31":{"start":{"line":58,"column":24},"end":{"line":58,"column":58}},"32":{"start":{"line":60,"column":6},"end":{"line":65,"column":9}},"33":{"start":{"line":67,"column":6},"end":{"line":69,"column":7}},"34":{"start":{"line":68,"column":8},"end":{"line":68,"column":25}},"35":{"start":{"line":70,"column":6},"end":{"line":70,"column":27}},"36":{"start":{"line":73,"column":4},"end":{"line":73,"column":11}},"37":{"start":{"line":38,"column":13},"end":{"line":38,"column":27}},"38":{"start":{"line":38,"column":13},"end":{"line":75,"column":null}}},"fnMap":{"0":{"name":"bearer","decl":{"start":{"line":12,"column":9},"end":{"line":12,"column":15}},"loc":{"start":{"line":12,"column":28},"end":{"line":15,"column":1}}},"1":{"name":"primaryEmail","decl":{"start":{"line":17,"column":9},"end":{"line":17,"column":21}},"loc":{"start":{"line":17,"column":42},"end":{"line":25,"column":1}}},"2":{"name":"(anonymous_4)","decl":{"start":{"line":20,"column":6},"end":{"line":20,"column":7}},"loc":{"start":{"line":20,"column":13},"end":{"line":20,"column":53}}},"3":{"name":"displayName","decl":{"start":{"line":27,"column":9},"end":{"line":27,"column":20}},"loc":{"start":{"line":27,"column":41},"end":{"line":35,"column":1}}},"4":{"name":"(anonymous_6)","decl":{"start":{"line":39,"column":2},"end":{"line":39,"column":null}},"loc":{"start":{"line":41,"column":47},"end":{"line":42,"column":6}}},"5":{"name":"(anonymous_7)","decl":{"start":{"line":44,"column":2},"end":{"line":44,"column":7}},"loc":{"start":{"line":44,"column":59},"end":{"line":74,"column":3}}}},"branchMap":{"0":{"loc":{"start":{"line":14,"column":9},"end":{"line":14,"column":65}},"type":"cond-expr","locations":[{"start":{"line":14,"column":36},"end":{"line":14,"column":53}},{"start":{"line":14,"column":56},"end":{"line":14,"column":65}}]},"1":{"loc":{"start":{"line":18,"column":2},"end":{"line":23,"column":3}},"type":"if","locations":[{"start":{"line":18,"column":2},"end":{"line":23,"column":3}},{"start":{},"end":{}}]},"2":{"loc":{"start":{"line":22,"column":4},"end":{"line":22,"column":33}},"type":"if","locations":[{"start":{"line":22,"column":4},"end":{"line":22,"column":33}},{"start":{},"end":{}}]},"3":{"loc":{"start":{"line":24,"column":9},"end":{"line":24,"column":56}},"type":"binary-expr","locations":[{"start":{"line":24,"column":9},"end":{"line":24,"column":50}},{"start":{"line":24,"column":54},"end":{"line":24,"column":56}}]},"4":{"loc":{"start":{"line":32,"column":2},"end":{"line":32,"column":24}},"type":"if","locations":[{"start":{"line":32,"column":2},"end":{"line":32,"column":24}},{"start":{},"end":{}}]},"5":{"loc":{"start":{"line":33,"column":2},"end":{"line":33,"column":52}},"type":"if","locations":[{"start":{"line":33,"column":2},"end":{"line":33,"column":52}},{"start":{},"end":{}}]},"6":{"loc":{"start":{"line":49,"column":4},"end":{"line":51,"column":5}},"type":"if","locations":[{"start":{"line":49,"column":4},"end":{"line":51,"column":5}},{"start":{},"end":{}}]},"7":{"loc":{"start":{"line":49,"column":8},"end":{"line":49,"column":28}},"type":"binary-expr","locations":[{"start":{"line":49,"column":8},"end":{"line":49,"column":14}},{"start":{"line":49,"column":18},"end":{"line":49,"column":28}}]},"8":{"loc":{"start":{"line":55,"column":6},"end":{"line":55,"column":34}},"type":"if","locations":[{"start":{"line":55,"column":6},"end":{"line":55,"column":34}},{"start":{},"end":{}}]},"9":{"loc":{"start":{"line":62,"column":15},"end":{"line":62,"column":62}},"type":"binary-expr","locations":[{"start":{"line":62,"column":15},"end":{"line":62,"column":38}},{"start":{"line":62,"column":42},"end":{"line":62,"column":62}}]},"10":{"loc":{"start":{"line":64,"column":19},"end":{"line":64,"column":50}},"type":"binary-expr","locations":[{"start":{"line":64,"column":19},"end":{"line":64,"column":37}},{"start":{"line":64,"column":41},"end":{"line":64,"column":50}}]},"11":{"loc":{"start":{"line":67,"column":6},"end":{"line":69,"column":7}},"type":"if","locations":[{"start":{"line":67,"column":6},"end":{"line":69,"column":7}},{"start":{},"end":{}}]},"12":{"loc":{"start":{"line":40,"column":29},"end":{"line":40,"column":null}},"type":"cond-expr","locations":[{"start":{"line":40,"column":42},"end":{"line":40,"column":null}},{"start":{"line":40,"column":42},"end":{"line":40,"column":null}}]},"13":{"loc":{"start":{"line":40,"column":29},"end":{"line":40,"column":42}},"type":"binary-expr","locations":[{"start":{"line":40,"column":29},"end":{"line":40,"column":null}},{"start":{"line":40,"column":29},"end":{"line":40,"column":42}}]},"14":{"loc":{"start":{"line":40,"column":42},"end":{"line":41,"column":null}},"type":"cond-expr","locations":[{"start":{"line":41,"column":47},"end":{"line":41,"column":null}},{"start":{"line":41,"column":47},"end":{"line":41,"column":null}}]},"15":{"loc":{"start":{"line":40,"column":42},"end":{"line":41,"column":47}},"type":"binary-expr","locations":[{"start":{"line":40,"column":42},"end":{"line":41,"column":null}},{"start":{"line":41,"column":35},"end":{"line":41,"column":47}}]}},"s":{"0":0,"1":0,"2":0,"3":0,"4":0,"5":0,"6":0,"7":0,"8":0,"9":0,"10":0,"11":0,"12":0,"13":0,"14":0,"15":0,"16":0,"17":0,"18":0,"19":0,"20":0,"21":0,"22":0,"23":0,"24":0,"25":0,"26":0,"27":0,"28":0,"29":0,"30":0,"31":0,"32":0,"33":0,"34":0,"35":0,"36":0,"37":0,"38":0},"f":{"0":0,"1":0,"2":0,"3":0,"4":0,"5":0},"b":{"0":[0,0],"1":[0,0],"2":[0,0],"3":[0,0],"4":[0,0],"5":[0,0],"6":[0,0],"7":[0,0],"8":[0,0],"9":[0,0],"10":[0,0],"11":[0,0],"12":[0,0],"13":[0,0],"14":[0,0],"15":[0,0]}}
,"C:\\win10new\\okten\\Okten_Study\\control_tasks\\diploma\\backend\\src\\common\\decorators\\current-user.decorator.ts": {"path":"C:\\win10new\\okten\\Okten_Study\\control_tasks\\diploma\\backend\\src\\common\\decorators\\current-user.decorator.ts","statementMap":{"0":{"start":{"line":1,"column":0},"end":{"line":1,"column":72}},"1":{"start":{"line":4,"column":13},"end":{"line":9,"column":2}},"2":{"start":{"line":6,"column":20},"end":{"line":6,"column":68}},"3":{"start":{"line":7,"column":4},"end":{"line":7,"column":24}}},"fnMap":{"0":{"name":"(anonymous_0)","decl":{"start":{"line":5,"column":2},"end":{"line":5,"column":3}},"loc":{"start":{"line":5,"column":62},"end":{"line":8,"column":3}}}},"branchMap":{},"s":{"0":0,"1":0,"2":0,"3":0},"f":{"0":0},"b":{}}
,"C:\\win10new\\okten\\Okten_Study\\control_tasks\\diploma\\backend\\src\\messages\\messages.controller.ts": {"path":"C:\\win10new\\okten\\Okten_Study\\control_tasks\\diploma\\backend\\src\\messages\\messages.controller.ts","statementMap":{"0":{"start":{"line":1,"column":0},"end":{"line":1,"column":null}},"1":{"start":{"line":12,"column":0},"end":{"line":12,"column":74}},"2":{"start":{"line":13,"column":0},"end":{"line":13,"column":70}},"3":{"start":{"line":14,"column":0},"end":{"line":14,"column":56}},"4":{"start":{"line":15,"column":0},"end":{"line":15,"column":53}},"5":{"start":{"line":18,"column":7},"end":{"line":109,"column":null}},"6":{"start":{"line":19,"column":31},"end":{"line":19,"column":48}},"7":{"start":{"line":23,"column":4},"end":{"line":27,"column":5}},"8":{"start":{"line":24,"column":6},"end":{"line":26,"column":8}},"9":{"start":{"line":28,"column":4},"end":{"line":28,"column":59}},"10":{"start":{"line":36,"column":4},"end":{"line":40,"column":5}},"11":{"start":{"line":37,"column":6},"end":{"line":39,"column":8}},"12":{"start":{"line":41,"column":4},"end":{"line":41,"column":83}},"13":{"start":{"line":49,"column":4},"end":{"line":53,"column":5}},"14":{"start":{"line":50,"column":6},"end":{"line":52,"column":8}},"15":{"start":{"line":54,"column":4},"end":{"line":54,"column":58}},"16":{"start":{"line":63,"column":4},"end":{"line":67,"column":5}},"17":{"start":{"line":64,"column":6},"end":{"line":66,"column":8}},"18":{"start":{"line":68,"column":4},"end":{"line":68,"column":83}},"19":{"start":{"line":76,"column":4},"end":{"line":80,"column":5}},"20":{"start":{"line":77,"column":6},"end":{"line":79,"column":8}},"21":{"start":{"line":81,"column":4},"end":{"line":81,"column":59}},"22":{"start":{"line":89,"column":4},"end":{"line":93,"column":5}},"23":{"start":{"line":90,"column":6},"end":{"line":92,"column":8}},"24":{"start":{"line":94,"column":4},"end":{"line":94,"column":55}},"25":{"start":{"line":102,"column":4},"end":{"line":106,"column":5}},"26":{"start":{"line":103,"column":6},"end":{"line":105,"column":8}},"27":{"start":{"line":107,"column":4},"end":{"line":107,"column":57}},"28":{"start":{"line":18,"column":13},"end":{"line":18,"column":31}},"29":{"start":{"line":22,"column":2},"end":{"line":29,"column":null}},"30":{"start":{"line":32,"column":2},"end":{"line":42,"column":null}},"31":{"start":{"line":45,"column":2},"end":{"line":55,"column":null}},"32":{"start":{"line":58,"column":2},"end":{"line":69,"column":null}},"33":{"start":{"line":72,"column":2},"end":{"line":82,"column":null}},"34":{"start":{"line":85,"column":2},"end":{"line":95,"column":null}},"35":{"start":{"line":98,"column":2},"end":{"line":108,"column":null}},"36":{"start":{"line":18,"column":13},"end":{"line":109,"column":null}}},"fnMap":{"0":{"name":"(anonymous_4)","decl":{"start":{"line":19,"column":2},"end":{"line":19,"column":31}},"loc":{"start":{"line":19,"column":63},"end":{"line":19,"column":67}}},"1":{"name":"(anonymous_5)","decl":{"start":{"line":22,"column":2},"end":{"line":22,"column":15}},"loc":{"start":{"line":22,"column":53},"end":{"line":29,"column":3}}},"2":{"name":"(anonymous_6)","decl":{"start":{"line":32,"column":2},"end":{"line":32,"column":20}},"loc":{"start":{"line":34,"column":39},"end":{"line":42,"column":3}}},"3":{"name":"(anonymous_7)","decl":{"start":{"line":45,"column":2},"end":{"line":45,"column":10}},"loc":{"start":{"line":47,"column":27},"end":{"line":55,"column":3}}},"4":{"name":"(anonymous_8)","decl":{"start":{"line":58,"column":2},"end":{"line":58,"column":13}},"loc":{"start":{"line":61,"column":32},"end":{"line":69,"column":3}}},"5":{"name":"(anonymous_9)","decl":{"start":{"line":72,"column":2},"end":{"line":72,"column":12}},"loc":{"start":{"line":74,"column":27},"end":{"line":82,"column":3}}},"6":{"name":"(anonymous_10)","decl":{"start":{"line":85,"column":2},"end":{"line":85,"column":11}},"loc":{"start":{"line":87,"column":27},"end":{"line":95,"column":3}}},"7":{"name":"(anonymous_11)","decl":{"start":{"line":98,"column":2},"end":{"line":98,"column":13}},"loc":{"start":{"line":100,"column":27},"end":{"line":108,"column":3}}}},"branchMap":{"0":{"loc":{"start":{"line":23,"column":4},"end":{"line":27,"column":5}},"type":"if","locations":[{"start":{"line":23,"column":4},"end":{"line":27,"column":5}},{"start":{},"end":{}}]},"1":{"loc":{"start":{"line":36,"column":4},"end":{"line":40,"column":5}},"type":"if","locations":[{"start":{"line":36,"column":4},"end":{"line":40,"column":5}},{"start":{},"end":{}}]},"2":{"loc":{"start":{"line":49,"column":4},"end":{"line":53,"column":5}},"type":"if","locations":[{"start":{"line":49,"column":4},"end":{"line":53,"column":5}},{"start":{},"end":{}}]},"3":{"loc":{"start":{"line":63,"column":4},"end":{"line":67,"column":5}},"type":"if","locations":[{"start":{"line":63,"column":4},"end":{"line":67,"column":5}},{"start":{},"end":{}}]},"4":{"loc":{"start":{"line":76,"column":4},"end":{"line":80,"column":5}},"type":"if","locations":[{"start":{"line":76,"column":4},"end":{"line":80,"column":5}},{"start":{},"end":{}}]},"5":{"loc":{"start":{"line":89,"column":4},"end":{"line":93,"column":5}},"type":"if","locations":[{"start":{"line":89,"column":4},"end":{"line":93,"column":5}},{"start":{},"end":{}}]},"6":{"loc":{"start":{"line":102,"column":4},"end":{"line":106,"column":5}},"type":"if","locations":[{"start":{"line":102,"column":4},"end":{"line":106,"column":5}},{"start":{},"end":{}}]},"7":{"loc":{"start":{"line":34,"column":18},"end":{"line":34,"column":null}},"type":"cond-expr","locations":[{"start":{"line":34,"column":39},"end":{"line":34,"column":null}},{"start":{"line":34,"column":39},"end":{"line":34,"column":null}}]},"8":{"loc":{"start":{"line":34,"column":18},"end":{"line":34,"column":39}},"type":"binary-expr","locations":[{"start":{"line":34,"column":18},"end":{"line":34,"column":null}},{"start":{"line":34,"column":18},"end":{"line":34,"column":39}}]},"9":{"loc":{"start":{"line":61,"column":18},"end":{"line":61,"column":null}},"type":"cond-expr","locations":[{"start":{"line":61,"column":32},"end":{"line":61,"column":null}},{"start":{"line":61,"column":32},"end":{"line":61,"column":null}}]},"10":{"loc":{"start":{"line":61,"column":18},"end":{"line":61,"column":32}},"type":"binary-expr","locations":[{"start":{"line":61,"column":18},"end":{"line":61,"column":null}},{"start":{"line":61,"column":18},"end":{"line":61,"column":32}}]},"11":{"loc":{"start":{"line":19,"column":48},"end":{"line":19,"column":66}},"type":"cond-expr","locations":[{"start":{"line":19,"column":63},"end":{"line":19,"column":66}},{"start":{"line":19,"column":63},"end":{"line":19,"column":66}}]},"12":{"loc":{"start":{"line":19,"column":48},"end":{"line":19,"column":63}},"type":"binary-expr","locations":[{"start":{"line":19,"column":48},"end":{"line":19,"column":66}},{"start":{"line":19,"column":48},"end":{"line":19,"column":63}}]}},"s":{"0":0,"1":0,"2":0,"3":0,"4":0,"5":0,"6":0,"7":0,"8":0,"9":0,"10":0,"11":0,"12":0,"13":0,"14":0,"15":0,"16":0,"17":0,"18":0,"19":0,"20":0,"21":0,"22":0,"23":0,"24":0,"25":0,"26":0,"27":0,"28":0,"29":0,"30":0,"31":0,"32":0,"33":0,"34":0,"35":0,"36":0},"f":{"0":0,"1":0,"2":0,"3":0,"4":0,"5":0,"6":0,"7":0},"b":{"0":[0,0],"1":[0,0],"2":[0,0],"3":[0,0],"4":[0,0],"5":[0,0],"6":[0,0],"7":[0,0],"8":[0,0],"9":[0,0],"10":[0,0],"11":[0,0],"12":[0,0]}}
,"C:\\win10new\\okten\\Okten_Study\\control_tasks\\diploma\\backend\\src\\messages\\messages.module.ts": {"path":"C:\\win10new\\okten\\Okten_Study\\control_tasks\\diploma\\backend\\src\\messages\\messages.module.ts","statementMap":{"0":{"start":{"line":1,"column":0},"end":{"line":1,"column":40}},"1":{"start":{"line":3,"column":0},"end":{"line":3,"column":59}},"2":{"start":{"line":4,"column":0},"end":{"line":4,"column":53}},"3":{"start":{"line":10,"column":7},"end":{"line":10,"column":null}},"4":{"start":{"line":10,"column":13},"end":{"line":10,"column":27}},"5":{"start":{"line":10,"column":13},"end":{"line":10,"column":null}}},"fnMap":{},"branchMap":{},"s":{"0":0,"1":0,"2":0,"3":0,"4":0,"5":0},"f":{},"b":{}}
,"C:\\win10new\\okten\\Okten_Study\\control_tasks\\diploma\\backend\\src\\messages\\messages.service.ts": {"path":"C:\\win10new\\okten\\Okten_Study\\control_tasks\\diploma\\backend\\src\\messages\\messages.service.ts","statementMap":{"0":{"start":{"line":1,"column":0},"end":{"line":1,"column":null}},"1":{"start":{"line":6,"column":0},"end":{"line":6,"column":40}},"2":{"start":{"line":8,"column":0},"end":{"line":8,"column":57}},"3":{"start":{"line":11,"column":7},"end":{"line":460,"column":null}},"4":{"start":{"line":12,"column":31},"end":{"line":12,"column":39}},"5":{"start":{"line":15,"column":4},"end":{"line":15,"column":53}},"6":{"start":{"line":22,"column":4},"end":{"line":22,"column":30}},"7":{"start":{"line":22,"column":18},"end":{"line":22,"column":30}},"8":{"start":{"line":23,"column":4},"end":{"line":23,"column":50}},"9":{"start":{"line":23,"column":30},"end":{"line":23,"column":50}},"10":{"start":{"line":24,"column":4},"end":{"line":24,"column":79}},"11":{"start":{"line":24,"column":31},"end":{"line":24,"column":79}},"12":{"start":{"line":25,"column":4},"end":{"line":25,"column":16}},"13":{"start":{"line":59,"column":6},"end":{"line":61,"column":32}},"14":{"start":{"line":62,"column":24},"end":{"line":62,"column":50}},"15":{"start":{"line":63,"column":4},"end":{"line":72,"column":6}},"16":{"start":{"line":76,"column":17},"end":{"line":84,"column":6}},"17":{"start":{"line":86,"column":4},"end":{"line":97,"column":6}},"18":{"start":{"line":89,"column":10},"end":{"line":90,"column":43}},"19":{"start":{"line":94,"column":10},"end":{"line":95,"column":45}},"20":{"start":{"line":101,"column":25},"end":{"line":101,"column":43}},"21":{"start":{"line":102,"column":4},"end":{"line":104,"column":5}},"22":{"start":{"line":103,"column":6},"end":{"line":103,"column":54}},"23":{"start":{"line":105,"column":4},"end":{"line":107,"column":5}},"24":{"start":{"line":106,"column":6},"end":{"line":106,"column":79}},"25":{"start":{"line":109,"column":18},"end":{"line":112,"column":6}},"26":{"start":{"line":113,"column":4},"end":{"line":115,"column":5}},"27":{"start":{"line":114,"column":6},"end":{"line":114,"column":76}},"28":{"start":{"line":116,"column":4},"end":{"line":116,"column":24}},"29":{"start":{"line":123,"column":4},"end":{"line":147,"column":7}},"30":{"start":{"line":151,"column":25},"end":{"line":151,"column":87}},"31":{"start":{"line":152,"column":4},"end":{"line":152,"column":60}},"32":{"start":{"line":156,"column":25},"end":{"line":156,"column":87}},"33":{"start":{"line":157,"column":4},"end":{"line":169,"column":7}},"34":{"start":{"line":170,"column":4},"end":{"line":170,"column":60}},"35":{"start":{"line":174,"column":25},"end":{"line":174,"column":87}},"36":{"start":{"line":175,"column":4},"end":{"line":180,"column":7}},"37":{"start":{"line":181,"column":4},"end":{"line":181,"column":60}},"38":{"start":{"line":185,"column":25},"end":{"line":185,"column":87}},"39":{"start":{"line":187,"column":40},"end":{"line":189,"column":null}},"40":{"start":{"line":192,"column":21},"end":{"line":192,"column":81}},"41":{"start":{"line":193,"column":24},"end":{"line":193,"column":78}},"42":{"start":{"line":194,"column":4},"end":{"line":199,"column":5}},"43":{"start":{"line":195,"column":6},"end":{"line":198,"column":8}},"44":{"start":{"line":201,"column":4},"end":{"line":203,"column":5}},"45":{"start":{"line":202,"column":6},"end":{"line":202,"column":81}},"46":{"start":{"line":204,"column":4},"end":{"line":206,"column":5}},"47":{"start":{"line":205,"column":6},"end":{"line":205,"column":81}},"48":{"start":{"line":208,"column":4},"end":{"line":253,"column":5}},"49":{"start":{"line":209,"column":22},"end":{"line":231,"column":8}},"50":{"start":{"line":232,"column":6},"end":{"line":235,"column":8}},"51":{"start":{"line":237,"column":6},"end":{"line":251,"column":7}},"52":{"start":{"line":241,"column":27},"end":{"line":243,"column":null}},"53":{"start":{"line":245,"column":8},"end":{"line":250,"column":9}},"54":{"start":{"line":246,"column":10},"end":{"line":249,"column":12}},"55":{"start":{"line":252,"column":6},"end":{"line":252,"column":14}},"56":{"start":{"line":257,"column":17},"end":{"line":279,"column":6}},"57":{"start":{"line":281,"column":4},"end":{"line":291,"column":6}},"58":{"start":{"line":284,"column":10},"end":{"line":284,"column":80}},"59":{"start":{"line":285,"column":28},"end":{"line":285,"column":81}},"60":{"start":{"line":286,"column":8},"end":{"line":289,"column":10}},"61":{"start":{"line":295,"column":25},"end":{"line":340,"column":6}},"62":{"start":{"line":341,"column":4},"end":{"line":343,"column":5}},"63":{"start":{"line":342,"column":6},"end":{"line":342,"column":61}},"64":{"start":{"line":346,"column":6},"end":{"line":348,"column":34}},"65":{"start":{"line":349,"column":24},"end":{"line":349,"column":77}},"66":{"start":{"line":351,"column":4},"end":{"line":357,"column":6}},"67":{"start":{"line":366,"column":17},"end":{"line":366,"column":40}},"68":{"start":{"line":367,"column":21},"end":{"line":367,"column":48}},"69":{"start":{"line":368,"column":4},"end":{"line":370,"column":5}},"70":{"start":{"line":369,"column":6},"end":{"line":369,"column":64}},"71":{"start":{"line":372,"column":25},"end":{"line":382,"column":6}},"72":{"start":{"line":383,"column":4},"end":{"line":385,"column":5}},"73":{"start":{"line":384,"column":6},"end":{"line":384,"column":61}},"74":{"start":{"line":388,"column":6},"end":{"line":390,"column":34}},"75":{"start":{"line":391,"column":24},"end":{"line":391,"column":77}},"76":{"start":{"line":392,"column":4},"end":{"line":394,"column":5}},"77":{"start":{"line":393,"column":6},"end":{"line":393,"column":82}},"78":{"start":{"line":395,"column":4},"end":{"line":397,"column":5}},"79":{"start":{"line":396,"column":6},"end":{"line":396,"column":81}},"80":{"start":{"line":399,"column":40},"end":{"line":399,"column":44}},"81":{"start":{"line":400,"column":4},"end":{"line":412,"column":5}},"82":{"start":{"line":401,"column":21},"end":{"line":407,"column":8}},"83":{"start":{"line":408,"column":6},"end":{"line":410,"column":7}},"84":{"start":{"line":409,"column":8},"end":{"line":409,"column":77}},"85":{"start":{"line":411,"column":6},"end":{"line":411,"column":33}},"86":{"start":{"line":414,"column":24},"end":{"line":456,"column":6}},"87":{"start":{"line":458,"column":4},"end":{"line":458,"column":19}},"88":{"start":{"line":11,"column":13},"end":{"line":11,"column":28}},"89":{"start":{"line":11,"column":13},"end":{"line":460,"column":null}}},"fnMap":{"0":{"name":"(anonymous_2)","decl":{"start":{"line":12,"column":2},"end":{"line":12,"column":31}},"loc":{"start":{"line":12,"column":52},"end":{"line":12,"column":56}}},"1":{"name":"(anonymous_3)","decl":{"start":{"line":14,"column":10},"end":{"line":14,"column":21}},"loc":{"start":{"line":14,"column":42},"end":{"line":16,"column":3}}},"2":{"name":"(anonymous_4)","decl":{"start":{"line":18,"column":10},"end":{"line":18,"column":24}},"loc":{"start":{"line":21,"column":3},"end":{"line":26,"column":3}}},"3":{"name":"(anonymous_5)","decl":{"start":{"line":28,"column":10},"end":{"line":28,"column":32}},"loc":{"start":{"line":56,"column":25},"end":{"line":73,"column":3}}},"4":{"name":"(anonymous_6)","decl":{"start":{"line":75,"column":10},"end":{"line":75,"column":15}},"loc":{"start":{"line":75,"column":73},"end":{"line":98,"column":3}}},"5":{"name":"(anonymous_7)","decl":{"start":{"line":88,"column":8},"end":{"line":88,"column":9}},"loc":{"start":{"line":89,"column":10},"end":{"line":90,"column":43}}},"6":{"name":"(anonymous_8)","decl":{"start":{"line":93,"column":8},"end":{"line":93,"column":9}},"loc":{"start":{"line":94,"column":10},"end":{"line":95,"column":45}}},"7":{"name":"(anonymous_9)","decl":{"start":{"line":100,"column":10},"end":{"line":100,"column":15}},"loc":{"start":{"line":100,"column":82},"end":{"line":117,"column":3}}},"8":{"name":"(anonymous_10)","decl":{"start":{"line":119,"column":10},"end":{"line":119,"column":15}},"loc":{"start":{"line":121,"column":24},"end":{"line":148,"column":3}}},"9":{"name":"(anonymous_11)","decl":{"start":{"line":150,"column":2},"end":{"line":150,"column":7}},"loc":{"start":{"line":150,"column":64},"end":{"line":153,"column":3}}},"10":{"name":"(anonymous_12)","decl":{"start":{"line":155,"column":2},"end":{"line":155,"column":7}},"loc":{"start":{"line":155,"column":60},"end":{"line":171,"column":3}}},"11":{"name":"(anonymous_13)","decl":{"start":{"line":173,"column":2},"end":{"line":173,"column":7}},"loc":{"start":{"line":173,"column":62},"end":{"line":182,"column":3}}},"12":{"name":"(anonymous_14)","decl":{"start":{"line":184,"column":2},"end":{"line":184,"column":7}},"loc":{"start":{"line":184,"column":74},"end":{"line":254,"column":3}}},"13":{"name":"(anonymous_15)","decl":{"start":{"line":256,"column":2},"end":{"line":256,"column":7}},"loc":{"start":{"line":256,"column":47},"end":{"line":292,"column":3}}},"14":{"name":"(anonymous_16)","decl":{"start":{"line":282,"column":15},"end":{"line":282,"column":20}},"loc":{"start":{"line":282,"column":29},"end":{"line":290,"column":7}}},"15":{"name":"(anonymous_17)","decl":{"start":{"line":294,"column":2},"end":{"line":294,"column":7}},"loc":{"start":{"line":294,"column":66},"end":{"line":358,"column":3}}},"16":{"name":"(anonymous_18)","decl":{"start":{"line":360,"column":2},"end":{"line":360,"column":7}},"loc":{"start":{"line":364,"column":24},"end":{"line":459,"column":3}}}},"branchMap":{"0":{"loc":{"start":{"line":15,"column":11},"end":{"line":15,"column":52}},"type":"cond-expr","locations":[{"start":{"line":15,"column":37},"end":{"line":15,"column":43}},{"start":{"line":15,"column":46},"end":{"line":15,"column":52}}]},"1":{"loc":{"start":{"line":22,"column":4},"end":{"line":22,"column":30}},"type":"if","locations":[{"start":{"line":22,"column":4},"end":{"line":22,"column":30}},{"start":{},"end":{}}]},"2":{"loc":{"start":{"line":23,"column":4},"end":{"line":23,"column":50}},"type":"if","locations":[{"start":{"line":23,"column":4},"end":{"line":23,"column":50}},{"start":{},"end":{}}]},"3":{"loc":{"start":{"line":24,"column":4},"end":{"line":24,"column":79}},"type":"if","locations":[{"start":{"line":24,"column":4},"end":{"line":24,"column":79}},{"start":{},"end":{}}]},"4":{"loc":{"start":{"line":59,"column":6},"end":{"line":61,"column":32}},"type":"cond-expr","locations":[{"start":{"line":60,"column":10},"end":{"line":60,"column":33}},{"start":{"line":61,"column":10},"end":{"line":61,"column":32}}]},"5":{"loc":{"start":{"line":68,"column":8},"end":{"line":68,"column":86}},"type":"binary-expr","locations":[{"start":{"line":68,"column":8},"end":{"line":68,"column":30}},{"start":{"line":68,"column":34},"end":{"line":68,"column":60}},{"start":{"line":68,"column":64},"end":{"line":68,"column":86}}]},"6":{"loc":{"start":{"line":89,"column":10},"end":{"line":90,"column":43}},"type":"binary-expr","locations":[{"start":{"line":89,"column":10},"end":{"line":89,"column":45}},{"start":{"line":90,"column":10},"end":{"line":90,"column":43}}]},"7":{"loc":{"start":{"line":94,"column":10},"end":{"line":95,"column":45}},"type":"binary-expr","locations":[{"start":{"line":94,"column":10},"end":{"line":94,"column":43}},{"start":{"line":95,"column":10},"end":{"line":95,"column":45}}]},"8":{"loc":{"start":{"line":102,"column":4},"end":{"line":104,"column":5}},"type":"if","locations":[{"start":{"line":102,"column":4},"end":{"line":104,"column":5}},{"start":{},"end":{}}]},"9":{"loc":{"start":{"line":105,"column":4},"end":{"line":107,"column":5}},"type":"if","locations":[{"start":{"line":105,"column":4},"end":{"line":107,"column":5}},{"start":{},"end":{}}]},"10":{"loc":{"start":{"line":113,"column":4},"end":{"line":115,"column":5}},"type":"if","locations":[{"start":{"line":113,"column":4},"end":{"line":115,"column":5}},{"start":{},"end":{}}]},"11":{"loc":{"start":{"line":194,"column":4},"end":{"line":199,"column":5}},"type":"if","locations":[{"start":{"line":194,"column":4},"end":{"line":199,"column":5}},{"start":{},"end":{}}]},"12":{"loc":{"start":{"line":201,"column":4},"end":{"line":203,"column":5}},"type":"if","locations":[{"start":{"line":201,"column":4},"end":{"line":203,"column":5}},{"start":{},"end":{}}]},"13":{"loc":{"start":{"line":204,"column":4},"end":{"line":206,"column":5}},"type":"if","locations":[{"start":{"line":204,"column":4},"end":{"line":206,"column":5}},{"start":{},"end":{}}]},"14":{"loc":{"start":{"line":237,"column":6},"end":{"line":251,"column":7}},"type":"if","locations":[{"start":{"line":237,"column":6},"end":{"line":251,"column":7}},{"start":{},"end":{}}]},"15":{"loc":{"start":{"line":238,"column":8},"end":{"line":239,"column":26}},"type":"binary-expr","locations":[{"start":{"line":238,"column":8},"end":{"line":238,"column":57}},{"start":{"line":239,"column":8},"end":{"line":239,"column":26}}]},"16":{"loc":{"start":{"line":245,"column":8},"end":{"line":250,"column":9}},"type":"if","locations":[{"start":{"line":245,"column":8},"end":{"line":250,"column":9}},{"start":{},"end":{}}]},"17":{"loc":{"start":{"line":284,"column":10},"end":{"line":284,"column":80}},"type":"cond-expr","locations":[{"start":{"line":284,"column":46},"end":{"line":284,"column":62}},{"start":{"line":284,"column":65},"end":{"line":284,"column":80}}]},"18":{"loc":{"start":{"line":341,"column":4},"end":{"line":343,"column":5}},"type":"if","locations":[{"start":{"line":341,"column":4},"end":{"line":343,"column":5}},{"start":{},"end":{}}]},"19":{"loc":{"start":{"line":346,"column":6},"end":{"line":348,"column":34}},"type":"cond-expr","locations":[{"start":{"line":347,"column":10},"end":{"line":347,"column":35}},{"start":{"line":348,"column":10},"end":{"line":348,"column":34}}]},"20":{"loc":{"start":{"line":366,"column":17},"end":{"line":366,"column":40}},"type":"binary-expr","locations":[{"start":{"line":366,"column":17},"end":{"line":366,"column":32}},{"start":{"line":366,"column":36},"end":{"line":366,"column":40}}]},"21":{"loc":{"start":{"line":367,"column":21},"end":{"line":367,"column":48}},"type":"binary-expr","locations":[{"start":{"line":367,"column":21},"end":{"line":367,"column":40}},{"start":{"line":367,"column":44},"end":{"line":367,"column":48}}]},"22":{"loc":{"start":{"line":368,"column":4},"end":{"line":370,"column":5}},"type":"if","locations":[{"start":{"line":368,"column":4},"end":{"line":370,"column":5}},{"start":{},"end":{}}]},"23":{"loc":{"start":{"line":368,"column":8},"end":{"line":368,"column":26}},"type":"binary-expr","locations":[{"start":{"line":368,"column":8},"end":{"line":368,"column":13}},{"start":{"line":368,"column":17},"end":{"line":368,"column":26}}]},"24":{"loc":{"start":{"line":383,"column":4},"end":{"line":385,"column":5}},"type":"if","locations":[{"start":{"line":383,"column":4},"end":{"line":385,"column":5}},{"start":{},"end":{}}]},"25":{"loc":{"start":{"line":388,"column":6},"end":{"line":390,"column":34}},"type":"cond-expr","locations":[{"start":{"line":389,"column":10},"end":{"line":389,"column":35}},{"start":{"line":390,"column":10},"end":{"line":390,"column":34}}]},"26":{"loc":{"start":{"line":392,"column":4},"end":{"line":394,"column":5}},"type":"if","locations":[{"start":{"line":392,"column":4},"end":{"line":394,"column":5}},{"start":{},"end":{}}]},"27":{"loc":{"start":{"line":395,"column":4},"end":{"line":397,"column":5}},"type":"if","locations":[{"start":{"line":395,"column":4},"end":{"line":397,"column":5}},{"start":{},"end":{}}]},"28":{"loc":{"start":{"line":400,"column":4},"end":{"line":412,"column":5}},"type":"if","locations":[{"start":{"line":400,"column":4},"end":{"line":412,"column":5}},{"start":{},"end":{}}]},"29":{"loc":{"start":{"line":408,"column":6},"end":{"line":410,"column":7}},"type":"if","locations":[{"start":{"line":408,"column":6},"end":{"line":410,"column":7}},{"start":{},"end":{}}]},"30":{"loc":{"start":{"line":12,"column":39},"end":{"line":12,"column":55}},"type":"cond-expr","locations":[{"start":{"line":12,"column":52},"end":{"line":12,"column":55}},{"start":{"line":12,"column":52},"end":{"line":12,"column":55}}]},"31":{"loc":{"start":{"line":12,"column":39},"end":{"line":12,"column":52}},"type":"binary-expr","locations":[{"start":{"line":12,"column":39},"end":{"line":12,"column":55}},{"start":{"line":12,"column":39},"end":{"line":12,"column":52}}]}},"s":{"0":0,"1":0,"2":0,"3":0,"4":0,"5":0,"6":0,"7":0,"8":0,"9":0,"10":0,"11":0,"12":0,"13":0,"14":0,"15":0,"16":0,"17":0,"18":0,"19":0,"20":0,"21":0,"22":0,"23":0,"24":0,"25":0,"26":0,"27":0,"28":0,"29":0,"30":0,"31":0,"32":0,"33":0,"34":0,"35":0,"36":0,"37":0,"38":0,"39":0,"40":0,"41":0,"42":0,"43":0,"44":0,"45":0,"46":0,"47":0,"48":0,"49":0,"50":0,"51":0,"52":0,"53":0,"54":0,"55":0,"56":0,"57":0,"58":0,"59":0,"60":0,"61":0,"62":0,"63":0,"64":0,"65":0,"66":0,"67":0,"68":0,"69":0,"70":0,"71":0,"72":0,"73":0,"74":0,"75":0,"76":0,"77":0,"78":0,"79":0,"80":0,"81":0,"82":0,"83":0,"84":0,"85":0,"86":0,"87":0,"88":0,"89":0},"f":{"0":0,"1":0,"2":0,"3":0,"4":0,"5":0,"6":0,"7":0,"8":0,"9":0,"10":0,"11":0,"12":0,"13":0,"14":0,"15":0,"16":0},"b":{"0":[0,0],"1":[0,0],"2":[0,0],"3":[0,0],"4":[0,0],"5":[0,0,0],"6":[0,0],"7":[0,0],"8":[0,0],"9":[0,0],"10":[0,0],"11":[0,0],"12":[0,0],"13":[0,0],"14":[0,0],"15":[0,0],"16":[0,0],"17":[0,0],"18":[0,0],"19":[0,0],"20":[0,0],"21":[0,0],"22":[0,0],"23":[0,0],"24":[0,0],"25":[0,0],"26":[0,0],"27":[0,0],"28":[0,0],"29":[0,0],"30":[0,0],"31":[0,0]}}
,"C:\\win10new\\okten\\Okten_Study\\control_tasks\\diploma\\backend\\src\\messages\\dto\\create-conversation.dto.ts": {"path":"C:\\win10new\\okten\\Okten_Study\\control_tasks\\diploma\\backend\\src\\messages\\dto\\create-conversation.dto.ts","statementMap":{"0":{"start":{"line":1,"column":0},"end":{"line":1,"column":55}},"1":{"start":{"line":3,"column":0},"end":{"line":3,"column":13}},"2":{"start":{"line":6,"column":2},"end":{"line":6,"column":null}}},"fnMap":{},"branchMap":{},"s":{"0":0,"1":0,"2":0},"f":{},"b":{}}
,"C:\\win10new\\okten\\Okten_Study\\control_tasks\\diploma\\backend\\src\\messages\\dto\\send-message.dto.ts": {"path":"C:\\win10new\\okten\\Okten_Study\\control_tasks\\diploma\\backend\\src\\messages\\dto\\send-message.dto.ts","statementMap":{"0":{"start":{"line":1,"column":0},"end":{"line":1,"column":66}},"1":{"start":{"line":3,"column":0},"end":{"line":3,"column":13}},"2":{"start":{"line":7,"column":2},"end":{"line":7,"column":null}},"3":{"start":{"line":11,"column":2},"end":{"line":11,"column":null}}},"fnMap":{},"branchMap":{},"s":{"0":0,"1":0,"2":0,"3":0},"f":{},"b":{}}
,"C:\\win10new\\okten\\Okten_Study\\control_tasks\\diploma\\backend\\src\\payments\\payments.controller.ts": {"path":"C:\\win10new\\okten\\Okten_Study\\control_tasks\\diploma\\backend\\src\\payments\\payments.controller.ts","statementMap":{"0":{"start":{"line":1,"column":0},"end":{"line":1,"column":null}},"1":{"start":{"line":13,"column":0},"end":{"line":13,"column":74}},"2":{"start":{"line":14,"column":0},"end":{"line":14,"column":53}},"3":{"start":{"line":17,"column":7},"end":{"line":44,"column":null}},"4":{"start":{"line":18,"column":31},"end":{"line":18,"column":48}},"5":{"start":{"line":22,"column":4},"end":{"line":26,"column":5}},"6":{"start":{"line":23,"column":6},"end":{"line":25,"column":8}},"7":{"start":{"line":27,"column":4},"end":{"line":27,"column":63}},"8":{"start":{"line":33,"column":16},"end":{"line":33,"column":47}},"9":{"start":{"line":34,"column":4},"end":{"line":36,"column":5}},"10":{"start":{"line":35,"column":6},"end":{"line":35,"column":71}},"11":{"start":{"line":37,"column":16},"end":{"line":37,"column":27}},"12":{"start":{"line":38,"column":4},"end":{"line":40,"column":5}},"13":{"start":{"line":39,"column":6},"end":{"line":39,"column":52}},"14":{"start":{"line":41,"column":4},"end":{"line":41,"column":55}},"15":{"start":{"line":42,"column":4},"end":{"line":42,"column":30}},"16":{"start":{"line":17,"column":13},"end":{"line":17,"column":31}},"17":{"start":{"line":21,"column":8},"end":{"line":28,"column":null}},"18":{"start":{"line":32,"column":8},"end":{"line":43,"column":null}},"19":{"start":{"line":17,"column":13},"end":{"line":44,"column":null}}},"fnMap":{"0":{"name":"(anonymous_4)","decl":{"start":{"line":18,"column":2},"end":{"line":18,"column":31}},"loc":{"start":{"line":18,"column":63},"end":{"line":18,"column":67}}},"1":{"name":"(anonymous_5)","decl":{"start":{"line":21,"column":8},"end":{"line":21,"column":29}},"loc":{"start":{"line":21,"column":67},"end":{"line":28,"column":3}}},"2":{"name":"(anonymous_6)","decl":{"start":{"line":32,"column":8},"end":{"line":32,"column":15}},"loc":{"start":{"line":32,"column":58},"end":{"line":43,"column":3}}}},"branchMap":{"0":{"loc":{"start":{"line":22,"column":4},"end":{"line":26,"column":5}},"type":"if","locations":[{"start":{"line":22,"column":4},"end":{"line":26,"column":5}},{"start":{},"end":{}}]},"1":{"loc":{"start":{"line":34,"column":4},"end":{"line":36,"column":5}},"type":"if","locations":[{"start":{"line":34,"column":4},"end":{"line":36,"column":5}},{"start":{},"end":{}}]},"2":{"loc":{"start":{"line":38,"column":4},"end":{"line":40,"column":5}},"type":"if","locations":[{"start":{"line":38,"column":4},"end":{"line":40,"column":5}},{"start":{},"end":{}}]},"3":{"loc":{"start":{"line":18,"column":48},"end":{"line":18,"column":66}},"type":"cond-expr","locations":[{"start":{"line":18,"column":63},"end":{"line":18,"column":66}},{"start":{"line":18,"column":63},"end":{"line":18,"column":66}}]},"4":{"loc":{"start":{"line":18,"column":48},"end":{"line":18,"column":63}},"type":"binary-expr","locations":[{"start":{"line":18,"column":48},"end":{"line":18,"column":66}},{"start":{"line":18,"column":48},"end":{"line":18,"column":63}}]}},"s":{"0":0,"1":0,"2":0,"3":0,"4":0,"5":0,"6":0,"7":0,"8":0,"9":0,"10":0,"11":0,"12":0,"13":0,"14":0,"15":0,"16":0,"17":0,"18":0,"19":0},"f":{"0":0,"1":0,"2":0},"b":{"0":[0,0],"1":[0,0],"2":[0,0],"3":[0,0],"4":[0,0]}}
,"C:\\win10new\\okten\\Okten_Study\\control_tasks\\diploma\\backend\\src\\payments\\payments.module.ts": {"path":"C:\\win10new\\okten\\Okten_Study\\control_tasks\\diploma\\backend\\src\\payments\\payments.module.ts","statementMap":{"0":{"start":{"line":1,"column":0},"end":{"line":1,"column":40}},"1":{"start":{"line":3,"column":0},"end":{"line":3,"column":55}},"2":{"start":{"line":4,"column":0},"end":{"line":4,"column":59}},"3":{"start":{"line":5,"column":0},"end":{"line":5,"column":53}},"4":{"start":{"line":12,"column":7},"end":{"line":12,"column":null}},"5":{"start":{"line":12,"column":13},"end":{"line":12,"column":27}},"6":{"start":{"line":12,"column":13},"end":{"line":12,"column":null}}},"fnMap":{},"branchMap":{},"s":{"0":0,"1":0,"2":0,"3":0,"4":0,"5":0,"6":0},"f":{},"b":{}}
,"C:\\win10new\\okten\\Okten_Study\\control_tasks\\diploma\\backend\\src\\payments\\payments.service.ts": {"path":"C:\\win10new\\okten\\Okten_Study\\control_tasks\\diploma\\backend\\src\\payments\\payments.service.ts","statementMap":{"0":{"start":{"line":1,"column":0},"end":{"line":1,"column":null}},"1":{"start":{"line":6,"column":0},"end":{"line":6,"column":47}},"2":{"start":{"line":7,"column":0},"end":{"line":7,"column":39}},"3":{"start":{"line":9,"column":0},"end":{"line":9,"column":57}},"4":{"start":{"line":28,"column":15},"end":{"line":28,"column":null}},"5":{"start":{"line":32,"column":2},"end":{"line":32,"column":63}},"6":{"start":{"line":36,"column":7},"end":{"line":121,"column":null}},"7":{"start":{"line":40,"column":21},"end":{"line":40,"column":29}},"8":{"start":{"line":41,"column":21},"end":{"line":41,"column":29}},"9":{"start":{"line":43,"column":19},"end":{"line":43,"column":70}},"10":{"start":{"line":44,"column":4},"end":{"line":44,"column":45}},"11":{"start":{"line":49,"column":6},"end":{"line":49,"column":72}},"12":{"start":{"line":50,"column":21},"end":{"line":50,"column":51}},"13":{"start":{"line":51,"column":22},"end":{"line":51,"column":76}},"14":{"start":{"line":53,"column":6},"end":{"line":55,"column":13}},"15":{"start":{"line":56,"column":4},"end":{"line":60,"column":5}},"16":{"start":{"line":57,"column":6},"end":{"line":59,"column":8}},"17":{"start":{"line":62,"column":20},"end":{"line":80,"column":6}},"18":{"start":{"line":82,"column":4},"end":{"line":84,"column":5}},"19":{"start":{"line":83,"column":6},"end":{"line":83,"column":73}},"20":{"start":{"line":85,"column":4},"end":{"line":85,"column":32}},"21":{"start":{"line":89,"column":21},"end":{"line":89,"column":76}},"22":{"start":{"line":91,"column":4},"end":{"line":99,"column":5}},"23":{"start":{"line":92,"column":6},"end":{"line":96,"column":55}},"24":{"start":{"line":98,"column":6},"end":{"line":98,"column":65}},"25":{"start":{"line":101,"column":4},"end":{"line":119,"column":5}},"26":{"start":{"line":102,"column":22},"end":{"line":102,"column":null}},"27":{"start":{"line":107,"column":6},"end":{"line":109,"column":7}},"28":{"start":{"line":108,"column":8},"end":{"line":108,"column":15}},"29":{"start":{"line":111,"column":8},"end":{"line":111,"column":71}},"30":{"start":{"line":112,"column":6},"end":{"line":114,"column":7}},"31":{"start":{"line":113,"column":8},"end":{"line":113,"column":15}},"32":{"start":{"line":115,"column":6},"end":{"line":118,"column":9}},"33":{"start":{"line":36,"column":13},"end":{"line":36,"column":28}},"34":{"start":{"line":36,"column":13},"end":{"line":121,"column":null}}},"fnMap":{"0":{"name":"createStripeClient","decl":{"start":{"line":27,"column":9},"end":{"line":27,"column":27}},"loc":{"start":{"line":27,"column":42},"end":{"line":33,"column":1}}},"1":{"name":"(anonymous_12)","decl":{"start":{"line":39,"column":2},"end":{"line":39,"column":null}},"loc":{"start":{"line":41,"column":42},"end":{"line":45,"column":3}}},"2":{"name":"(anonymous_13)","decl":{"start":{"line":47,"column":2},"end":{"line":47,"column":7}},"loc":{"start":{"line":47,"column":44},"end":{"line":86,"column":3}}},"3":{"name":"(anonymous_14)","decl":{"start":{"line":88,"column":2},"end":{"line":88,"column":7}},"loc":{"start":{"line":88,"column":56},"end":{"line":120,"column":3}}}},"branchMap":{"0":{"loc":{"start":{"line":49,"column":6},"end":{"line":49,"column":72}},"type":"binary-expr","locations":[{"start":{"line":49,"column":6},"end":{"line":49,"column":45}},{"start":{"line":49,"column":49},"end":{"line":49,"column":72}}]},"1":{"loc":{"start":{"line":53,"column":6},"end":{"line":55,"column":13}},"type":"cond-expr","locations":[{"start":{"line":54,"column":10},"end":{"line":54,"column":27}},{"start":{"line":55,"column":10},"end":{"line":55,"column":13}}]},"2":{"loc":{"start":{"line":53,"column":6},"end":{"line":53,"column":49}},"type":"binary-expr","locations":[{"start":{"line":53,"column":6},"end":{"line":53,"column":29}},{"start":{"line":53,"column":33},"end":{"line":53,"column":49}}]},"3":{"loc":{"start":{"line":56,"column":4},"end":{"line":60,"column":5}},"type":"if","locations":[{"start":{"line":56,"column":4},"end":{"line":60,"column":5}},{"start":{},"end":{}}]},"4":{"loc":{"start":{"line":56,"column":8},"end":{"line":56,"column":55}},"type":"binary-expr","locations":[{"start":{"line":56,"column":8},"end":{"line":56,"column":36}},{"start":{"line":56,"column":40},"end":{"line":56,"column":55}}]},"5":{"loc":{"start":{"line":82,"column":4},"end":{"line":84,"column":5}},"type":"if","locations":[{"start":{"line":82,"column":4},"end":{"line":84,"column":5}},{"start":{},"end":{}}]},"6":{"loc":{"start":{"line":101,"column":4},"end":{"line":119,"column":5}},"type":"if","locations":[{"start":{"line":101,"column":4},"end":{"line":119,"column":5}},{"start":{},"end":{}}]},"7":{"loc":{"start":{"line":107,"column":6},"end":{"line":109,"column":7}},"type":"if","locations":[{"start":{"line":107,"column":6},"end":{"line":109,"column":7}},{"start":{},"end":{}}]},"8":{"loc":{"start":{"line":111,"column":8},"end":{"line":111,"column":71}},"type":"binary-expr","locations":[{"start":{"line":111,"column":8},"end":{"line":111,"column":35}},{"start":{"line":111,"column":39},"end":{"line":111,"column":63}},{"start":{"line":111,"column":67},"end":{"line":111,"column":71}}]},"9":{"loc":{"start":{"line":112,"column":6},"end":{"line":114,"column":7}},"type":"if","locations":[{"start":{"line":112,"column":6},"end":{"line":114,"column":7}},{"start":{},"end":{}}]},"10":{"loc":{"start":{"line":40,"column":29},"end":{"line":40,"column":null}},"type":"cond-expr","locations":[{"start":{"line":40,"column":42},"end":{"line":40,"column":null}},{"start":{"line":40,"column":42},"end":{"line":40,"column":null}}]},"11":{"loc":{"start":{"line":40,"column":29},"end":{"line":40,"column":42}},"type":"binary-expr","locations":[{"start":{"line":40,"column":29},"end":{"line":40,"column":null}},{"start":{"line":40,"column":29},"end":{"line":40,"column":42}}]},"12":{"loc":{"start":{"line":40,"column":42},"end":{"line":41,"column":null}},"type":"cond-expr","locations":[{"start":{"line":41,"column":42},"end":{"line":41,"column":null}},{"start":{"line":41,"column":42},"end":{"line":41,"column":null}}]},"13":{"loc":{"start":{"line":40,"column":42},"end":{"line":41,"column":42}},"type":"binary-expr","locations":[{"start":{"line":40,"column":42},"end":{"line":41,"column":null}},{"start":{"line":41,"column":29},"end":{"line":41,"column":42}}]}},"s":{"0":0,"1":0,"2":0,"3":0,"4":0,"5":0,"6":0,"7":0,"8":0,"9":0,"10":0,"11":0,"12":0,"13":0,"14":0,"15":0,"16":0,"17":0,"18":0,"19":0,"20":0,"21":0,"22":0,"23":0,"24":0,"25":0,"26":0,"27":0,"28":0,"29":0,"30":0,"31":0,"32":0,"33":0,"34":0},"f":{"0":0,"1":0,"2":0,"3":0},"b":{"0":[0,0],"1":[0,0],"2":[0,0],"3":[0,0],"4":[0,0],"5":[0,0],"6":[0,0],"7":[0,0],"8":[0,0,0],"9":[0,0],"10":[0,0],"11":[0,0],"12":[0,0],"13":[0,0]}}
,"C:\\win10new\\okten\\Okten_Study\\control_tasks\\diploma\\backend\\src\\prisma\\prisma.module.ts": {"path":"C:\\win10new\\okten\\Okten_Study\\control_tasks\\diploma\\backend\\src\\prisma\\prisma.module.ts","statementMap":{"0":{"start":{"line":1,"column":0},"end":{"line":1,"column":48}},"1":{"start":{"line":2,"column":0},"end":{"line":2,"column":49}},"2":{"start":{"line":9,"column":7},"end":{"line":9,"column":null}},"3":{"start":{"line":9,"column":13},"end":{"line":9,"column":25}},"4":{"start":{"line":9,"column":13},"end":{"line":9,"column":null}}},"fnMap":{},"branchMap":{},"s":{"0":0,"1":0,"2":0,"3":0,"4":0},"f":{},"b":{}}
,"C:\\win10new\\okten\\Okten_Study\\control_tasks\\diploma\\backend\\src\\prisma\\prisma.service.ts": {"path":"C:\\win10new\\okten\\Okten_Study\\control_tasks\\diploma\\backend\\src\\prisma\\prisma.service.ts","statementMap":{"0":{"start":{"line":1,"column":0},"end":{"line":1,"column":75}},"1":{"start":{"line":2,"column":0},"end":{"line":2,"column":47}},"2":{"start":{"line":3,"column":0},"end":{"line":3,"column":46}},"3":{"start":{"line":6,"column":7},"end":{"line":27,"column":null}},"4":{"start":{"line":11,"column":4},"end":{"line":17,"column":7}},"5":{"start":{"line":10,"column":31},"end":{"line":10,"column":39}},"6":{"start":{"line":21,"column":4},"end":{"line":21,"column":26}},"7":{"start":{"line":25,"column":4},"end":{"line":25,"column":29}},"8":{"start":{"line":6,"column":13},"end":{"line":6,"column":26}},"9":{"start":{"line":6,"column":13},"end":{"line":27,"column":null}}},"fnMap":{"0":{"name":"(anonymous_2)","decl":{"start":{"line":10,"column":2},"end":{"line":10,"column":31}},"loc":{"start":{"line":10,"column":52},"end":{"line":18,"column":3}}},"1":{"name":"(anonymous_3)","decl":{"start":{"line":20,"column":2},"end":{"line":20,"column":7}},"loc":{"start":{"line":20,"column":20},"end":{"line":22,"column":3}}},"2":{"name":"(anonymous_4)","decl":{"start":{"line":24,"column":2},"end":{"line":24,"column":7}},"loc":{"start":{"line":24,"column":23},"end":{"line":26,"column":3}}}},"branchMap":{"0":{"loc":{"start":{"line":10,"column":39},"end":{"line":10,"column":null}},"type":"cond-expr","locations":[{"start":{"line":10,"column":52},"end":{"line":10,"column":null}},{"start":{"line":10,"column":52},"end":{"line":10,"column":null}}]},"1":{"loc":{"start":{"line":10,"column":39},"end":{"line":10,"column":52}},"type":"binary-expr","locations":[{"start":{"line":10,"column":39},"end":{"line":10,"column":null}},{"start":{"line":10,"column":39},"end":{"line":10,"column":52}}]}},"s":{"0":0,"1":0,"2":0,"3":0,"4":0,"5":0,"6":0,"7":0,"8":0,"9":0},"f":{"0":0,"1":0,"2":0},"b":{"0":[0,0],"1":[0,0]}}
,"C:\\win10new\\okten\\Okten_Study\\control_tasks\\diploma\\backend\\src\\recipes\\dish-image-pollinations.ts": {"path":"C:\\win10new\\okten\\Okten_Study\\control_tasks\\diploma\\backend\\src\\recipes\\dish-image-pollinations.ts","statementMap":{"0":{"start":{"line":8,"column":0},"end":{"line":8,"column":16}},"1":{"start":{"line":21,"column":0},"end":{"line":21,"column":7}},"2":{"start":{"line":6,"column":23},"end":{"line":6,"column":27}},"3":{"start":{"line":9,"column":15},"end":{"line":9,"column":31}},"4":{"start":{"line":10,"column":15},"end":{"line":17,"column":14}},"5":{"start":{"line":18,"column":2},"end":{"line":18,"column":77}},"6":{"start":{"line":25,"column":18},"end":{"line":25,"column":44}},"7":{"start":{"line":26,"column":12},"end":{"line":31,"column":4}},"8":{"start":{"line":32,"column":14},"end":{"line":32,"column":79}},"9":{"start":{"line":34,"column":14},"end":{"line":37,"column":4}},"10":{"start":{"line":39,"column":2},"end":{"line":41,"column":3}},"11":{"start":{"line":40,"column":4},"end":{"line":40,"column":66}},"12":{"start":{"line":43,"column":22},"end":{"line":43,"column":69}},"13":{"start":{"line":44,"column":2},"end":{"line":46,"column":3}},"14":{"start":{"line":45,"column":4},"end":{"line":45,"column":67}},"15":{"start":{"line":47,"column":14},"end":{"line":47,"column":50}},"16":{"start":{"line":48,"column":2},"end":{"line":50,"column":3}},"17":{"start":{"line":49,"column":4},"end":{"line":49,"column":44}},"18":{"start":{"line":51,"column":2},"end":{"line":51,"column":38}}},"fnMap":{"0":{"name":"buildDishImagePrompt","decl":{"start":{"line":8,"column":16},"end":{"line":8,"column":36}},"loc":{"start":{"line":8,"column":69},"end":{"line":19,"column":1}}},"1":{"name":"fetchPollinationsDishImage","decl":{"start":{"line":21,"column":22},"end":{"line":21,"column":48}},"loc":{"start":{"line":23,"column":59},"end":{"line":52,"column":1}}}},"branchMap":{"0":{"loc":{"start":{"line":13,"column":4},"end":{"line":13,"column":40}},"type":"cond-expr","locations":[{"start":{"line":13,"column":11},"end":{"line":13,"column":35}},{"start":{"line":13,"column":38},"end":{"line":13,"column":40}}]},"1":{"loc":{"start":{"line":18,"column":9},"end":{"line":18,"column":76}},"type":"cond-expr","locations":[{"start":{"line":18,"column":40},"end":{"line":18,"column":69}},{"start":{"line":18,"column":72},"end":{"line":18,"column":76}}]},"2":{"loc":{"start":{"line":39,"column":2},"end":{"line":41,"column":3}},"type":"if","locations":[{"start":{"line":39,"column":2},"end":{"line":41,"column":3}},{"start":{},"end":{}}]},"3":{"loc":{"start":{"line":43,"column":22},"end":{"line":43,"column":69}},"type":"binary-expr","locations":[{"start":{"line":43,"column":22},"end":{"line":43,"column":53}},{"start":{"line":43,"column":57},"end":{"line":43,"column":69}}]},"4":{"loc":{"start":{"line":44,"column":2},"end":{"line":46,"column":3}},"type":"if","locations":[{"start":{"line":44,"column":2},"end":{"line":46,"column":3}},{"start":{},"end":{}}]},"5":{"loc":{"start":{"line":48,"column":2},"end":{"line":50,"column":3}},"type":"if","locations":[{"start":{"line":48,"column":2},"end":{"line":50,"column":3}},{"start":{},"end":{}}]}},"s":{"0":0,"1":0,"2":0,"3":0,"4":0,"5":0,"6":0,"7":0,"8":0,"9":0,"10":0,"11":0,"12":0,"13":0,"14":0,"15":0,"16":0,"17":0,"18":0},"f":{"0":0,"1":0},"b":{"0":[0,0],"1":[0,0],"2":[0,0],"3":[0,0],"4":[0,0],"5":[0,0]}}
,"C:\\win10new\\okten\\Okten_Study\\control_tasks\\diploma\\backend\\src\\recipes\\feed-filters.util.ts": {"path":"C:\\win10new\\okten\\Okten_Study\\control_tasks\\diploma\\backend\\src\\recipes\\feed-filters.util.ts","statementMap":{"0":{"start":{"line":4,"column":0},"end":{"line":4,"column":16}},"1":{"start":{"line":5,"column":2},"end":{"line":5,"column":30}},"2":{"start":{"line":5,"column":20},"end":{"line":5,"column":30}},"3":{"start":{"line":6,"column":2},"end":{"line":9,"column":33}},"4":{"start":{"line":8,"column":16},"end":{"line":8,"column":24}},"5":{"start":{"line":9,"column":19},"end":{"line":9,"column":31}}},"fnMap":{"0":{"name":"parseCommaSeparatedFilter","decl":{"start":{"line":4,"column":16},"end":{"line":4,"column":41}},"loc":{"start":{"line":4,"column":65},"end":{"line":10,"column":1}}},"1":{"name":"(anonymous_1)","decl":{"start":{"line":8,"column":9},"end":{"line":8,"column":10}},"loc":{"start":{"line":8,"column":16},"end":{"line":8,"column":24}}},"2":{"name":"(anonymous_2)","decl":{"start":{"line":9,"column":12},"end":{"line":9,"column":13}},"loc":{"start":{"line":9,"column":19},"end":{"line":9,"column":31}}}},"branchMap":{"0":{"loc":{"start":{"line":5,"column":2},"end":{"line":5,"column":30}},"type":"if","locations":[{"start":{"line":5,"column":2},"end":{"line":5,"column":30}},{"start":{},"end":{}}]}},"s":{"0":1,"1":5,"2":3,"3":2,"4":7,"5":7},"f":{"0":5,"1":7,"2":7},"b":{"0":[3,2]}}
,"C:\\win10new\\okten\\Okten_Study\\control_tasks\\diploma\\backend\\src\\recipes\\recipe-comments.controller.ts": {"path":"C:\\win10new\\okten\\Okten_Study\\control_tasks\\diploma\\backend\\src\\recipes\\recipe-comments.controller.ts","statementMap":{"0":{"start":{"line":1,"column":0},"end":{"line":1,"column":null}},"1":{"start":{"line":12,"column":0},"end":{"line":12,"column":74}},"2":{"start":{"line":13,"column":0},"end":{"line":13,"column":73}},"3":{"start":{"line":14,"column":0},"end":{"line":14,"column":51}},"4":{"start":{"line":21,"column":7},"end":{"line":67,"column":null}},"5":{"start":{"line":22,"column":31},"end":{"line":22,"column":47}},"6":{"start":{"line":29,"column":4},"end":{"line":29,"column":70}},"7":{"start":{"line":38,"column":4},"end":{"line":42,"column":5}},"8":{"start":{"line":39,"column":6},"end":{"line":41,"column":8}},"9":{"start":{"line":43,"column":4},"end":{"line":47,"column":6}},"10":{"start":{"line":56,"column":4},"end":{"line":60,"column":5}},"11":{"start":{"line":57,"column":6},"end":{"line":59,"column":8}},"12":{"start":{"line":61,"column":4},"end":{"line":65,"column":6}},"13":{"start":{"line":21,"column":13},"end":{"line":21,"column":37}},"14":{"start":{"line":25,"column":2},"end":{"line":30,"column":null}},"15":{"start":{"line":33,"column":2},"end":{"line":48,"column":null}},"16":{"start":{"line":51,"column":2},"end":{"line":66,"column":null}},"17":{"start":{"line":21,"column":13},"end":{"line":67,"column":null}}},"fnMap":{"0":{"name":"(anonymous_4)","decl":{"start":{"line":22,"column":2},"end":{"line":22,"column":31}},"loc":{"start":{"line":22,"column":61},"end":{"line":22,"column":65}}},"1":{"name":"(anonymous_5)","decl":{"start":{"line":25,"column":2},"end":{"line":25,"column":14}},"loc":{"start":{"line":27,"column":41},"end":{"line":30,"column":3}}},"2":{"name":"(anonymous_6)","decl":{"start":{"line":33,"column":2},"end":{"line":33,"column":15}},"loc":{"start":{"line":36,"column":40},"end":{"line":48,"column":3}}},"3":{"name":"(anonymous_7)","decl":{"start":{"line":51,"column":2},"end":{"line":51,"column":15}},"loc":{"start":{"line":54,"column":41},"end":{"line":66,"column":3}}}},"branchMap":{"0":{"loc":{"start":{"line":38,"column":4},"end":{"line":42,"column":5}},"type":"if","locations":[{"start":{"line":38,"column":4},"end":{"line":42,"column":5}},{"start":{},"end":{}}]},"1":{"loc":{"start":{"line":56,"column":4},"end":{"line":60,"column":5}},"type":"if","locations":[{"start":{"line":56,"column":4},"end":{"line":60,"column":5}},{"start":{},"end":{}}]},"2":{"loc":{"start":{"line":36,"column":18},"end":{"line":36,"column":null}},"type":"cond-expr","locations":[{"start":{"line":36,"column":40},"end":{"line":36,"column":null}},{"start":{"line":36,"column":40},"end":{"line":36,"column":null}}]},"3":{"loc":{"start":{"line":36,"column":18},"end":{"line":36,"column":40}},"type":"binary-expr","locations":[{"start":{"line":36,"column":18},"end":{"line":36,"column":null}},{"start":{"line":36,"column":18},"end":{"line":36,"column":40}}]},"4":{"loc":{"start":{"line":22,"column":47},"end":{"line":22,"column":64}},"type":"cond-expr","locations":[{"start":{"line":22,"column":61},"end":{"line":22,"column":64}},{"start":{"line":22,"column":61},"end":{"line":22,"column":64}}]},"5":{"loc":{"start":{"line":22,"column":47},"end":{"line":22,"column":61}},"type":"binary-expr","locations":[{"start":{"line":22,"column":47},"end":{"line":22,"column":64}},{"start":{"line":22,"column":47},"end":{"line":22,"column":61}}]}},"s":{"0":0,"1":0,"2":0,"3":0,"4":0,"5":0,"6":0,"7":0,"8":0,"9":0,"10":0,"11":0,"12":0,"13":0,"14":0,"15":0,"16":0,"17":0},"f":{"0":0,"1":0,"2":0,"3":0},"b":{"0":[0,0],"1":[0,0],"2":[0,0],"3":[0,0],"4":[0,0],"5":[0,0]}}
,"C:\\win10new\\okten\\Okten_Study\\control_tasks\\diploma\\backend\\src\\recipes\\recipe-favorites.controller.ts": {"path":"C:\\win10new\\okten\\Okten_Study\\control_tasks\\diploma\\backend\\src\\recipes\\recipe-favorites.controller.ts","statementMap":{"0":{"start":{"line":1,"column":0},"end":{"line":1,"column":null}},"1":{"start":{"line":9,"column":0},"end":{"line":9,"column":74}},"2":{"start":{"line":10,"column":0},"end":{"line":10,"column":51}},"3":{"start":{"line":17,"column":7},"end":{"line":48,"column":null}},"4":{"start":{"line":18,"column":31},"end":{"line":18,"column":47}},"5":{"start":{"line":22,"column":4},"end":{"line":26,"column":5}},"6":{"start":{"line":23,"column":6},"end":{"line":25,"column":8}},"7":{"start":{"line":27,"column":4},"end":{"line":27,"column":61}},"8":{"start":{"line":32,"column":4},"end":{"line":36,"column":5}},"9":{"start":{"line":33,"column":6},"end":{"line":35,"column":8}},"10":{"start":{"line":37,"column":4},"end":{"line":37,"column":64}},"11":{"start":{"line":46,"column":4},"end":{"line":46,"column":69}},"12":{"start":{"line":17,"column":13},"end":{"line":17,"column":38}},"13":{"start":{"line":21,"column":2},"end":{"line":28,"column":null}},"14":{"start":{"line":31,"column":2},"end":{"line":38,"column":null}},"15":{"start":{"line":42,"column":2},"end":{"line":47,"column":null}},"16":{"start":{"line":17,"column":13},"end":{"line":48,"column":null}}},"fnMap":{"0":{"name":"(anonymous_4)","decl":{"start":{"line":18,"column":2},"end":{"line":18,"column":31}},"loc":{"start":{"line":18,"column":61},"end":{"line":18,"column":65}}},"1":{"name":"(anonymous_5)","decl":{"start":{"line":21,"column":2},"end":{"line":21,"column":11}},"loc":{"start":{"line":21,"column":49},"end":{"line":28,"column":3}}},"2":{"name":"(anonymous_6)","decl":{"start":{"line":31,"column":2},"end":{"line":31,"column":7}},"loc":{"start":{"line":31,"column":45},"end":{"line":38,"column":3}}},"3":{"name":"(anonymous_7)","decl":{"start":{"line":42,"column":2},"end":{"line":42,"column":17}},"loc":{"start":{"line":44,"column":41},"end":{"line":47,"column":3}}}},"branchMap":{"0":{"loc":{"start":{"line":22,"c
[...]
,"C:\\win10new\\okten\\Okten_Study\\control_tasks\\diploma\\backend\\src\\users\\users.module.ts": {"path":"C:\\win10new\\okten\\Okten_Study\\control_tasks\\diploma\\backend\\src\\users\\users.module.ts","statementMap":{"0":{"start":{"line":1,"column":0},"end":{"line":1,"column":40}},"1":{"start":{"line":3,"column":0},"end":{"line":3,"column":58}},"2":{"start":{"line":4,"column":0},"end":{"line":4,"column":53}},"3":{"start":{"line":5,"column":0},"end":{"line":5,"column":47}},"4":{"start":{"line":13,"column":7},"end":{"line":13,"column":null}},"5":{"start":{"line":13,"column":13},"end":{"line":13,"column":24}},"6":{"start":{"line":13,"column":13},"end":{"line":13,"column":null}}},"fnMap":{},"branchMap":{},"s":{"0":0,"1":0,"2":0,"3":0,"4":0,"5":0,"6":0},"f":{},"b":{}}
,"C:\\win10new\\okten\\Okten_Study\\control_tasks\\diploma\\backend\\src\\users\\users.service.ts": {"path":"C:\\win10new\\okten\\Okten_Study\\control_tasks\\diploma\\backend\\src\\users\\users.service.ts","statementMap":{"0":{"start":{"line":1,"column":0},"end":{"line":1,"column":null}},"1":{"start":{"line":6,"column":0},"end":{"line":6,"column":57}},"2":{"start":{"line":7,"column":0},"end":{"line":7,"column":60}},"3":{"start":{"line":11,"column":7},"end":{"line":170,"column":null}},"4":{"start":{"line":13,"column":21},"end":{"line":13,"column":29}},"5":{"start":{"line":14,"column":21},"end":{"line":14,"column":30}},"6":{"start":{"line":18,"column":4},"end":{"line":18,"column":39}},"7":{"start":{"line":22,"column":17},"end":{"line":22,"column":69}},"8":{"start":{"line":23,"column":4},"end":{"line":25,"column":5}},"9":{"start":{"line":24,"column":6},"end":{"line":24,"column":66}},"10":{"start":{"line":26,"column":4},"end":{"line":26,"column":16}},"11":{"start":{"line":31,"column":17},"end":{"line":34,"column":6}},"12":{"start":{"line":35,"column":4},"end":{"line":37,"column":5}},"13":{"start":{"line":36,"column":6},"end":{"line":36,"column":66}},"14":{"start":{"line":38,"column":4},"end":{"line":38,"column":16}},"15":{"start":{"line":43,"column":17},"end":{"line":43,"column":25}},"16":{"start":{"line":44,"column":4},"end":{"line":53,"column":5}},"17":{"start":{"line":45,"column":6},"end":{"line":52,"column":8}},"18":{"start":{"line":54,"column":18},"end":{"line":61,"column":6}},"19":{"start":{"line":62,"column":4},"end":{"line":62,"column":21}},"20":{"start":{"line":66,"column":20},"end":{"line":68,"column":6}},"21":{"start":{"line":69,"column":4},"end":{"line":73,"column":5}},"22":{"start":{"line":70,"column":6},"end":{"line":72,"column":8}},"23":{"start":{"line":74,"column":20},"end":{"line":76,"column":6}},"24":{"start":{"line":77,"column":4},"end":{"line":81,"column":5}},"25":{"start":{"line":78,"column":6},"end":{"line":80,"column":8}},"26":{"start":{"line":82,"column":4},"end":{"line":89,"column":7}},"27":{"start":{"line":101,"column":21},"end":{"line":103,"column":6}},"28":{"start":{"line":104,"column":4},"end":{"line":122,"column":5}},"29":{"start":{"line":105,"column":25},"end":{"line":107,"column":8}},"30":{"start":{"line":108,"column":6},"end":{"line":112,"column":7}},"31":{"start":{"line":109,"column":8},"end":{"line":111,"column":10}},"32":{"start":{"line":115,"column":6},"end":{"line":121,"column":9}},"33":{"start":{"line":123,"column":23},"end":{"line":125,"column":6}},"34":{"start":{"line":126,"column":4},"end":{"line":130,"column":5}},"35":{"start":{"line":127,"column":6},"end":{"line":129,"column":8}},"36":{"start":{"line":131,"column":4},"end":{"line":138,"column":7}},"37":{"start":{"line":142,"column":4},"end":{"line":151,"column":7}},"38":{"start":{"line":155,"column":17},"end":{"line":158,"column":6}},"39":{"start":{"line":159,"column":4},"end":{"line":159,"column":22}},"40":{"start":{"line":159,"column":15},"end":{"line":159,"column":22}},"41":{"start":{"line":160,"column":17},"end":{"line":163,"column":44}},"42":{"start":{"line":162,"column":33},"end":{"line":162,"column":43}},"43":{"start":{"line":163,"column":33},"end":{"line":163,"column":43}},"44":{"start":{"line":164,"column":4},"end":{"line":164,"column":41}},"45":{"start":{"line":165,"column":4},"end":{"line":168,"column":7}},"46":{"start":{"line":11,"column":13},"end":{"line":11,"column":25}},"47":{"start":{"line":11,"column":13},"end":{"line":170,"column":null}}},"fnMap":{"0":{"name":"(anonymous_2)","decl":{"start":{"line":12,"column":2},"end":{"line":12,"column":null}},"loc":{"start":{"line":14,"column":44},"end":{"line":15,"column":6}}},"1":{"name":"(anonymous_3)","decl":{"start":{"line":17,"column":2},"end":{"line":17,"column":9}},"loc":{"start":{"line":17,"column":9},"end":{"line":19,"column":3}}},"2":{"name":"(anonymous_4)","decl":{"start":{"line":21,"column":2},"end":{"line":21,"column":7}},"loc":{"start":{"line":21,"column":27},"end":{"line":27,"column":3}}},"3":{"name":"(anonymous_5)","decl":{"start":{"line":30,"column":2},"end":{"line":30,"column":7}},"loc":{"start":{"line":30,"column":33},"end":{"line":39,"column":3}}},"4":{"name":"(anonymous_6)","decl":{"start":{"line":42,"column":2},"end":{"line":42,"column":7}},"loc":{"start":{"line":42,"column":30},"end":{"line":63,"column":3}}},"5":{"name":"(anonymous_7)","decl":{"start":{"line":65,"column":2},"end":{"line":65,"column":7}},"loc":{"start":{"line":65,"column":34},"end":{"line":90,"column":3}}},"6":{"name":"(anonymous_8)","decl":{"start":{"line":95,"column":2},"end":{"line":95,"column":7}},"loc":{"start":{"line":100,"column":3},"end":{"line":139,"column":3}}},"7":{"name":"(anonymous_9)","decl":{"start":{"line":141,"column":2},"end":{"line":141,"column":7}},"loc":{"start":{"line":141,"column":54},"end":{"line":152,"column":3}}},"8":{"name":"(anonymous_10)","decl":{"start":{"line":154,"column":2},"end":{"line":154,"column":7}},"loc":{"start":{"line":154,"column":39},"end":{"line":169,"column":3}}},"9":{"name":"(anonymous_11)","decl":{"start":{"line":162,"column":26},"end":{"line":162,"column":27}},"loc":{"start":{"line":162,"column":33},"end":{"line":162,"column":43}}},"10":{"name":"(anonymous_12)","decl":{"start":{"line":163,"column":13},"end":{"line":163,"column":14}},"loc":{"start":{"line":163,"column":33},"end":{"line":163,"column":43}}}},"branchMap":{"0":{"loc":{"start":{"line":23,"column":4},"end":{"line":25,"column":5}},"type":"if","locations":[{"start":{"line":23,"column":4},"end":{"line":25,"column":5}},{"start":{},"end":{}}]},"1":{"loc":{"start":{"line":35,"column":4},"end":{"line":37,"column":5}},"type":"if","locations":[{"start":{"line":35,"column":4},"end":{"line":37,"column":5}},{"start":{},"end":{}}]},"2":{"loc":{"start":{"line":44,"column":4},"end":{"line":53,"column":5}},"type":"if","locations":[{"start":{"line":44,"column":4},"end":{"line":53,"column":5}},{"start":{},"end":{}}]},"3":{"loc":{"start":{"line":69,"column":4},"end":{"line":73,"column":5}},"type":"if","locations":[{"start":{"line":69,"column":4},"end":{"line":73,"column":5}},{"start":{},"end":{}}]},"4":{"loc":{"start":{"line":77,"column":4},"end":{"line":81,"column":5}},"type":"if","locations":[{"start":{"line":77,"column":4},"end":{"line":81,"column":5}},{"start":{},"end":{}}]},"5":{"loc":{"start":{"line":104,"column":4},"end":{"line":122,"column":5}},"type":"if","locations":[{"start":{"line":104,"column":4},"end":{"line":122,"column":5}},{"start":{},"end":{}}]},"6":{"loc":{"start":{"line":108,"column":6},"end":{"line":112,"column":7}},"type":"if","locations":[{"start":{"line":108,"column":6},"end":{"line":112,"column":7}},{"start":{},"end":{}}]},"7":{"loc":{"start":{"line":108,"column":10},"end":{"line":108,"column":53}},"type":"binary-expr","locations":[{"start":{"line":108,"column":10},"end":{"line":108,"column":20}},{"start":{"line":108,"column":24},"end":{"line":108,"column":53}}]},"8":{"loc":{"start":{"line":126,"column":4},"end":{"line":130,"column":5}},"type":"if","locations":[{"start":{"line":126,"column":4},"end":{"line":130,"column":5}},{"start":{},"end":{}}]},"9":{"loc":{"start":{"line":136,"column":19},"end":{"line":136,"column":48}},"type":"binary-expr","locations":[{"start":{"line":136,"column":19},"end":{"line":136,"column":35}},{"start":{"line":136,"column":39},"end":{"line":136,"column":48}}]},"10":{"loc":{"start":{"line":159,"column":4},"end":{"line":159,"column":22}},"type":"if","locations":[{"start":{"line":159,"column":4},"end":{"line":159,"column":22}},{"start":{},"end":{}}]},"11":{"loc":{"start":{"line":13,"column":29},"end":{"line":13,"column":null}},"type":"cond-expr","locations":[{"start":{"line":13,"column":42},"end":{"line":13,"column":null}},{"start":{"line":13,"column":42},"end":{"line":13,"column":null}}]},"12":{"loc":{"start":{"line":13,"column":29},"end":{"line":13,"column":42}},"type":"binary-expr","locations":[{"start":{"line":13,"column":29},"end":{"line":13,"column":null}},{"start":{"line":13,"column":29},"end":{"line":13,"column":42}}]},"13":{"loc":{"start":{"line":13,"column":42},"end":{"line":14,"column":null}},"type":"cond-expr","locations":[{"start":{"line":14,"column":44},"end":{"line":14,"column":null}},{"start":{"line":14,"column":44},"end":{"line":14,"column":null}}]},"14":{"loc":{"start":{"line":13,"column":42},"end":{"line":14,"column":44}},"type":"binary-expr","locations":[{"start":{"line":13,"column":42},"end":{"line":14,"column":null}},{"start":{"line":14,"column":30},"end":{"line":14,"column":44}}]}},"s":{"0":0,"1":0,"2":0,"3":0,"4":0,"5":0,"6":0,"7":0,"8":0,"9":0,"10":0,"11":0,"12":0,"13":0,"14":0,"15":0,"16":0,"17":0,"18":0,"19":0,"20":0,"21":0,"22":0,"23":0,"24":0,"25":0,"26":0,"27":0,"28":0,"29":0,"30":0,"31":0,"32":0,"33":0,"34":0,"35":0,"36":0,"37":0,"38":0,"39":0,"40":0,"41":0,"42":0,"43":0,"44":0,"45":0,"46":0,"47":0},"f":{"0":0,"1":0,"2":0,"3":0,"4":0,"5":0,"6":0,"7":0,"8":0,"9":0,"10":0},"b":{"0":[0,0],"1":[0,0],"2":[0,0],"3":[0,0],"4":[0,0],"5":[0,0],"6":[0,0],"7":[0,0],"8":[0,0],"9":[0,0],"10":[0,0],"11":[0,0],"12":[0,0],"13":[0,0],"14":[0,0]}}
,"C:\\win10new\\okten\\Okten_Study\\control_tasks\\diploma\\backend\\src\\users\\dto\\create-user.dto.ts": {"path":"C:\\win10new\\okten\\Okten_Study\\control_tasks\\diploma\\backend\\src\\users\\dto\\create-user.dto.ts","statementMap":{"0":{"start":{"line":1,"column":0},"end":{"line":1,"column":76}},"1":{"start":{"line":3,"column":0},"end":{"line":3,"column":13}},"2":{"start":{"line":6,"column":2},"end":{"line":6,"column":null}},"3":{"start":{"line":9,"column":2},"end":{"line":9,"column":null}},"4":{"start":{"line":13,"column":2},"end":{"line":13,"column":null}},"5":{"start":{"line":17,"column":2},"end":{"line":17,"column":null}}},"fnMap":{},"branchMap":{},"s":{"0":0,"1":0,"2":0,"3":0,"4":0,"5":0},"f":{},"b":{}}
,"C:\\win10new\\okten\\Okten_Study\\control_tasks\\diploma\\backend\\src\\webhooks\\clerk-user-json.ts": {"path":"C:\\win10new\\okten\\Okten_Study\\control_tasks\\diploma\\backend\\src\\webhooks\\clerk-user-json.ts","statementMap":{"0":{"start":{"line":3,"column":0},"end":{"line":3,"column":16}},"1":{"start":{"line":4,"column":14},"end":{"line":4,"column":16}},"2":{"start":{"line":5,"column":2},"end":{"line":10,"column":3}},"3":{"start":{"line":6,"column":14},"end":{"line":7,"column":null}},"4":{"start":{"line":7,"column":13},"end":{"line":7,"column":51}},"5":{"start":{"line":9,"column":4},"end":{"line":9,"column":35}},"6":{"start":{"line":9,"column":11},"end":{"line":9,"column":35}},"7":{"start":{"line":11,"column":2},"end":{"line":13,"column":3}},"8":{"start":{"line":12,"column":4},"end":{"line":12,"column":50}},"9":{"start":{"line":14,"column":2},"end":{"line":14,"column":43}},"10":{"start":{"line":14,"column":14},"end":{"line":14,"column":43}},"11":{"start":{"line":16,"column":15},"end":{"line":19,"column":11}},"12":{"start":{"line":20,"column":15},"end":{"line":20,"column":46}},"13":{"start":{"line":22,"column":2},"end":{"line":27,"column":4}}},"fnMap":{"0":{"name":"clerkUserJsonToSyncParams","decl":{"start":{"line":3,"column":16},"end":{"line":3,"column":41}},"loc":{"start":{"line":3,"column":56},"end":{"line":28,"column":1}}},"1":{"name":"(anonymous_1)","decl":{"start":{"line":7,"column":6},"end":{"line":7,"column":7}},"loc":{"start":{"line":7,"column":13},"end":{"line":7,"column":51}}}},"branchMap":{"0":{"loc":{"start":{"line":5,"column":2},"end":{"line":10,"column":3}},"type":"if","locations":[{"start":{"line":5,"column":2},"end":{"line":10,"column":3}},{"start":{},"end":{}}]},"1":{"loc":{"start":{"line":9,"column":4},"end":{"line":9,"column":35}},"type":"if","locations":[{"start":{"line":9,"column":4},"end":{"line":9,"column":35}},{"start":{},"end":{}}]},"2":{"loc":{"start":{"line":11,"column":2},"end":{"line":13,"column":3}},"type":"if","locations":[{"start":{"line":11,"column":2},"end":{"line":13,"column":3}},{"start":{},"end":{}}]},"3":{"loc":{"start":{"line":11,"column":6},"end":{"line":11,"column":39}},"type":"binary-expr","locations":[{"start":{"line":11,"column":6},"end":{"line":11,"column":12}},{"start":{"line":11,"column":16},"end":{"line":11,"column":39}}]},"4":{"loc":{"start":{"line":14,"column":2},"end":{"line":14,"column":43}},"type":"if","locations":[{"start":{"line":14,"column":2},"end":{"line":14,"column":43}},{"start":{},"end":{}}]},"5":{"loc":{"start":{"line":20,"column":15},"end":{"line":20,"column":46}},"type":"binary-expr","locations":[{"start":{"line":20,"column":15},"end":{"line":20,"column":19}},{"start":{"line":20,"column":23},"end":{"line":20,"column":36}},{"start":{"line":20,"column":40},"end":{"line":20,"column":46}}]},"6":{"loc":{"start":{"line":26,"column":15},"end":{"line":26,"column":58}},"type":"cond-expr","locations":[{"start":{"line":26,"column":32},"end":{"line":26,"column":46}},{"start":{"line":26,"column":49},"end":{"line":26,"column":58}}]}},"s":{"0":0,"1":0,"2":0,"3":0,"4":0,"5":0,"6":0,"7":0,"8":0,"9":0,"10":0,"11":0,"12":0,"13":0},"f":{"0":0,"1":0},"b":{"0":[0,0],"1":[0,0],"2":[0,0],"3":[0,0],"4":[0,0],"5":[0,0,0],"6":[0,0]}}
,"C:\\win10new\\okten\\Okten_Study\\control_tasks\\diploma\\backend\\src\\webhooks\\clerk-webhooks.controller.ts": {"path":"C:\\win10new\\okten\\Okten_Study\\control_tasks\\diploma\\backend\\src\\webhooks\\clerk-webhooks.controller.ts","statementMap":{"0":{"start":{"line":1,"column":0},"end":{"line":1,"column":null}},"1":{"start":{"line":10,"column":0},"end":{"line":10,"column":56}},"2":{"start":{"line":13,"column":0},"end":{"line":13,"column":54}},"3":{"start":{"line":14,"column":0},"end":{"line":14,"column":62}},"4":{"start":{"line":17,"column":36},"end":{"line":63,"column":null}},"5":{"start":{"line":18,"column":28},"end":{"line":18,"column":68}},"6":{"start":{"line":20,"column":31},"end":{"line":20,"column":45}},"7":{"start":{"line":25,"column":16},"end":{"line":25,"column":27}},"8":{"start":{"line":26,"column":4},"end":{"line":28,"column":5}},"9":{"start":{"line":27,"column":6},"end":{"line":27,"column":52}},"10":{"start":{"line":30,"column":16},"end":{"line":30,"column":72}},"11":{"start":{"line":31,"column":20},"end":{"line":35,"column":6}},"12":{"start":{"line":38,"column":4},"end":{"line":43,"column":5}},"13":{"start":{"line":39,"column":6},"end":{"line":39,"column":41}},"14":{"start":{"line":41,"column":6},"end":{"line":41,"column":80}},"15":{"start":{"line":42,"column":6},"end":{"line":42,"column":55}},"16":{"start":{"line":45,"column":4},"end":{"line":59,"column":5}},"17":{"start":{"line":46,"column":6},"end":{"line":52,"column":7}},"18":{"start":{"line":47,"column":8},"end":{"line":49,"column":10}},"19":{"start":{"line":50,"column":13},"end":{"line":52,"column":7}},"20":{"start":{"line":51,"column":8},"end":{"line":51,"column":61}},"21":{"start":{"line":54,"column":6},"end":{"line":56,"column":7}},"22":{"start":{"line":55,"column":8},"end":{"line":55,"column":28}},"23":{"start":{"line":57,"column":6},"end":{"line":57,"column":59}},"24":{"start":{"line":57,"column":30},"end":{"line":57,"column":59}},"25":{"start":{"line":58,"column":6},"end":{"line":58,"column":14}},"26":{"start":{"line":61,"column":4},"end":{"line":61,"column":24}},"27":{"start":{"line":17,"column":13},"end":{"line":17,"column":36}},"28":{"start":{"line":24,"column":8},"end":{"line":62,"column":null}},"29":{"start":{"line":17,"column":13},"end":{"line":63,"column":null}}},"fnMap":{"0":{"name":"(anonymous_4)","decl":{"start":{"line":20,"column":2},"end":{"line":20,"column":31}},"loc":{"start":{"line":20,"column":57},"end":{"line":20,"column":61}}},"1":{"name":"(anonymous_5)","decl":{"start":{"line":24,"column":8},"end":{"line":24,"column":13}},"loc":{"start":{"line":24,"column":56},"end":{"line":62,"column":3}}}},"branchMap":{"0":{"loc":{"start":{"line":26,"column":4},"end":{"line":28,"column":5}},"type":"if","locations":[{"start":{"line":26,"column":4},"end":{"line":28,"column":5}},{"start":{},"end":{}}]},"1":{"loc":{"start":{"line":41,"column":23},"end":{"line":41,"column":78}},"type":"cond-expr","locations":[{"start":{"line":41,"column":44},"end":{"line":41,"column":53}},{"start":{"line":41,"column":56},"end":{"line":41,"column":78}}]},"2":{"loc":{"start":{"line":46,"column":6},"end":{"line":52,"column":7}},"type":"if","locations":[{"start":{"line":46,"column":6},"end":{"line":52,"column":7}},{"start":{"line":50,"column":13},"end":{"line":52,"column":7}}]},"3":{"loc":{"start":{"line":46,"column":10},"end":{"line":46,"column":68}},"type":"binary-expr","locations":[{"start":{"line":46,"column":10},"end":{"line":46,"column":37}},{"start":{"line":46,"column":41},"end":{"line":46,"column":68}}]},"4":{"loc":{"start":{"line":50,"column":13},"end":{"line":52,"column":7}},"type":"if","locations":[{"start":{"line":50,"column":13},"end":{"line":52,"column":7}},{"start":{},"end":{}}]},"5":{"loc":{"start":{"line":50,"column":17},"end":{"line":50,"column":59}},"type":"binary-expr","locations":[{"start":{"line":50,"column":17},"end":{"line":50,"column":44}},{"start":{"line":50,"column":48},"end":{"line":50,"column":59}}]},"6":{"loc":{"start":{"line":54,"column":6},"end":{"line":56,"column":7}},"type":"if","locations":[{"start":{"line":54,"column":6},"end":{"line":56,"column":7}},{"start":{},"end":{}}]},"7":{"loc":{"start":{"line":57,"column":6},"end":{"line":57,"column":59}},"type":"if","locations":[{"start":{"line":57,"column":6},"end":{"line":57,"column":59}},{"start":{},"end":{}}]},"8":{"loc":{"start":{"line":20,"column":45},"end":{"line":20,"column":60}},"type":"cond-expr","locations":[{"start":{"line":20,"column":57},"end":{"line":20,"column":60}},{"start":{"line":20,"column":57},"end":{"line":20,"column":60}}]},"9":{"loc":{"start":{"line":20,"column":45},"end":{"line":20,"column":57}},"type":"binary-expr","locations":[{"start":{"line":20,"column":45},"end":{"line":20,"column":60}},{"start":{"line":20,"column":45},"end":{"line":20,"column":57}}]}},"s":{"0":0,"1":0,"2":0,"3":0,"4":0,"5":0,"6":0,"7":0,"8":0,"9":0,"10":0,"11":0,"12":0,"13":0,"14":0,"15":0,"16":0,"17":0,"18":0,"19":0,"20":0,"21":0,"22":0,"23":0,"24":0,"25":0,"26":0,"27":0,"28":0,"29":0},"f":{"0":0,"1":0},"b":{"0":[0,0],"1":[0,0],"2":[0,0],"3":[0,0],"4":[0,0],"5":[0,0],"6":[0,0],"7":[0,0],"8":[0,0],"9":[0,0]}}
,"C:\\win10new\\okten\\Okten_Study\\control_tasks\\diploma\\backend\\src\\webhooks\\webhooks.module.ts": {"path":"C:\\win10new\\okten\\Okten_Study\\control_tasks\\diploma\\backend\\src\\webhooks\\webhooks.module.ts","statementMap":{"0":{"start":{"line":1,"column":0},"end":{"line":1,"column":40}},"1":{"start":{"line":3,"column":0},"end":{"line":3,"column":52}},"2":{"start":{"line":4,"column":0},"end":{"line":4,"column":70}},"3":{"start":{"line":10,"column":7},"end":{"line":10,"column":null}},"4":{"start":{"line":10,"column":13},"end":{"line":10,"column":27}},"5":{"start":{"line":10,"column":13},"end":{"line":10,"column":null}}},"fnMap":{},"branchMap":{},"s":{"0":0,"1":0,"2":0,"3":0,"4":0,"5":0},"f":{},"b":{}}
}
