TN:
SF:src\app.controller.ts
FN:6,(anonymous_2)
FN:9,(anonymous_3)
FNF:2
FNH:2
FNDA:1,(anonymous_2)
FNDA:1,(anonymous_3)
DA:1,1
DA:2,1
DA:5,1
DA:6,1
DA:9,1
DA:10,1
LF:6
LH:6
BRDA:6,0,0,1
BRDA:6,0,1,0
BRDA:6,1,0,1
BRDA:6,1,1,1
BRF:4
BRH:3
end_of_record
TN:
SF:src\app.module.ts
FN:33,(anonymous_1)
FNF:1
FNH:0
FNDA:0,(anonymous_1)
DA:1,0
DA:3,0
DA:4,0
DA:5,0
DA:6,0
DA:7,0
DA:8,0
DA:9,0
DA:10,0
DA:11,0
DA:12,0
DA:13,0
DA:32,0
DA:34,0
LF:14
LH:0
BRF:0
BRH:0
end_of_record
TN:
SF:src\app.service.ts
FN:5,(anonymous_1)
FNF:1
FNH:1
FNDA:1,(anonymous_1)
DA:1,1
DA:4,1
DA:6,1
LF:3
LH:3
BRF:0
BRH:0
end_of_record
TN:
SF:src\main.ts
FN:7,bootstrap
FNF:1
FNH:0
FNDA:0,bootstrap
DA:1,0
DA:2,0
DA:5,0
DA:8,0
DA:11,0
DA:18,0
DA:19,0
DA:23,0
DA:24,0
DA:26,0
LF:10
LH:0
BRDA:20,0,0,0
BRDA:20,0,1,0
BRDA:23,1,0,0
BRDA:23,1,1,0
BRF:4
BRH:0
end_of_record
TN:
SF:src\ai\ai.module.ts
FNF:0
FNH:0
DA:1,0
DA:2,0
DA:8,0
LF:3
LH:0
BRF:0
BRH:0
end_of_record
TN:
SF:src\ai\ai.service.ts
FN:25,parseAndValidateRecipeJson
FN:46,(anonymous_12)
FN:54,(anonymous_13)
FN:67,(anonymous_14)
FN:68,(anonymous_15)
FN:76,(anonymous_16)
FN:78,(anonymous_17)
FNF:7
FNH:0
FNDA:0,parseAndValidateRecipeJson
FNDA:0,(anonymous_12)
FNDA:0,(anonymous_13)
FNDA:0,(anonymous_14)
FNDA:0,(anonymous_15)
FNDA:0,(anonymous_16)
FNDA:0,(anonymous_17)
DA:1,0
DA:7,0
DA:8,0
DA:27,0
DA:28,0
DA:30,0
DA:33,0
DA:34,0
DA:37,0
DA:38,0
DA:40,0
DA:41,0
DA:43,0
DA:44,0
DA:46,0
DA:47,0
DA:51,0
DA:52,0
DA:54,0
DA:55,0
DA:59,0
DA:60,0
DA:65,0
DA:67,0
DA:68,0
DA:73,0
DA:74,0
DA:76,0
DA:81,0
DA:82,0
DA:85,0
DA:86,0
DA:88,0
DA:94,0
DA:95,0
DA:96,0
DA:97,0
DA:100,0
DA:101,0
DA:102,0
DA:103,0
DA:105,0
DA:110,0
DA:115,0
DA:126,0
DA:127,0
DA:128,0
DA:132,0
DA:133,0
DA:137,0
DA:138,0
DA:143,0
DA:147,0
DA:148,0
DA:172,0
DA:173,0
DA:174,0
DA:177,0
DA:179,0
DA:180,0
DA:182,0
DA:184,0
DA:187,0
DA:191,0
LF:64
LH:0
BRDA:33,0,0,0
BRDA:33,0,1,0
BRDA:33,1,0,0
BRDA:33,1,1,0
BRDA:40,2,0,0
BRDA:40,2,1,0
BRDA:40,3,0,0
BRDA:40,3,1,0
BRDA:43,4,0,0
BRDA:43,4,1,0
BRDA:46,5,0,0
BRDA:46,5,1,0
BRDA:51,6,0,0
BRDA:51,6,1,0
BRDA:54,7,0,0
BRDA:54,7,1,0
BRDA:59,8,0,0
BRDA:59,8,1,0
BRDA:59,9,0,0
BRDA:59,9,1,0
BRDA:88,10,0,0
BRDA:88,10,1,0
BRDA:94,11,0,0
BRDA:94,11,1,0
BRDA:98,12,0,0
BRDA:98,12,1,0
BRDA:100,13,0,0
BRDA:100,13,1,0
BRDA:103,14,0,0
BRDA:103,14,1,0
BRDA:112,15,0,0
BRDA:112,15,1,0
BRDA:116,16,0,0
BRDA:116,16,1,0
BRDA:117,17,0,0
BRDA:117,17,1,0
BRDA:118,18,0,0
BRDA:118,18,1,0
BRDA:119,19,0,0
BRDA:119,19,1,0
BRDA:120,20,0,0
BRDA:120,20,1,0
BRDA:121,21,0,0
BRDA:121,21,1,0
BRDA:127,22,0,0
BRDA:127,22,1,0
BRDA:132,23,0,0
BRDA:132,23,1,0
BRDA:137,24,0,0
BRDA:137,24,1,0
BRDA:143,25,0,0
BRDA:143,25,1,0
BRDA:173,26,0,0
BRDA:173,26,1,0
BRDA:179,27,0,0
BRDA:179,27,1,0
BRDA:182,28,0,0
BRDA:182,28,1,0
BRDA:184,29,0,0
BRDA:184,29,1,0
BRDA:192,30,0,0
BRDA:192,30,1,0
BRDA:76,31,0,0
BRDA:76,31,1,0
BRDA:76,32,0,0
BRDA:76,32,1,0
BRF:66
BRH:0
end_of_record
TN:
SF:src\auth\auth.middleware.ts
FN:12,bearer
FN:17,primaryEmail
FN:20,(anonymous_4)
FN:27,displayName
FN:39,(anonymous_6)
FN:44,(anonymous_7)
FNF:6
FNH:0
FNDA:0,bearer
FNDA:0,primaryEmail
FNDA:0,(anonymous_4)
FNDA:0,displayName
FNDA:0,(anonymous_6)
FNDA:0,(anonymous_7)
DA:1,0
DA:6,0
DA:7,0
DA:10,0
DA:13,0
DA:14,0
DA:18,0
DA:19,0
DA:20,0
DA:22,0
DA:24,0
DA:28,0
DA:32,0
DA:33,0
DA:34,0
DA:38,0
DA:40,0
DA:41,0
DA:45,0
DA:47,0
DA:48,0
DA:49,0
DA:50,0
DA:53,0
DA:54,0
DA:55,0
DA:57,0
DA:58,0
DA:60,0
DA:67,0
DA:68,0
DA:70,0
DA:73,0
LF:33
LH:0
BRDA:14,0,0,0
BRDA:14,0,1,0
BRDA:18,1,0,0
BRDA:18,1,1,0
BRDA:22,2,0,0
BRDA:22,2,1,0
BRDA:24,3,0,0
BRDA:24,3,1,0
BRDA:32,4,0,0
BRDA:32,4,1,0
BRDA:33,5,0,0
BRDA:33,5,1,0
BRDA:49,6,0,0
BRDA:49,6,1,0
BRDA:49,7,0,0
BRDA:49,7,1,0
BRDA:55,8,0,0
BRDA:55,8,1,0
BRDA:62,9,0,0
BRDA:62,9,1,0
BRDA:64,10,0,0
BRDA:64,10,1,0
BRDA:67,11,0,0
BRDA:67,11,1,0
BRDA:40,12,0,0
BRDA:40,12,1,0
BRDA:40,13,0,0
BRDA:40,13,1,0
BRDA:40,14,0,0
BRDA:40,14,1,0
BRDA:40,15,0,0
BRDA:40,15,1,0
BRF:32
BRH:0
end_of_record
TN:
SF:src\common\decorators\current-user.decorator.ts
FN:5,(anonymous_0)
FNF:1
FNH:0
FNDA:0,(anonymous_0)
DA:1,0
DA:4,0
DA:6,0
DA:7,0
LF:4
LH:0
BRF:0
BRH:0
end_of_record
TN:
SF:src\messages\messages.controller.ts
FN:19,(anonymous_4)
FN:22,(anonymous_5)
FN:32,(anonymous_6)
FN:45,(anonymous_7)
FN:58,(anonymous_8)
FN:72,(anonymous_9)
FN:85,(anonymous_10)
FN:98,(anonymous_11)
FNF:8
FNH:0
FNDA:0,(anonymous_4)
FNDA:0,(anonymous_5)
FNDA:0,(anonymous_6)
FNDA:0,(anonymous_7)
FNDA:0,(anonymous_8)
FNDA:0,(anonymous_9)
FNDA:0,(anonymous_10)
FNDA:0,(anonymous_11)
DA:1,0
DA:12,0
DA:13,0
DA:14,0
DA:15,0
DA:18,0
DA:19,0
DA:22,0
DA:23,0
DA:24,0
DA:28,0
DA:32,0
DA:36,0
DA:37,0
DA:41,0
DA:45,0
DA:49,0
DA:50,0
DA:54,0
DA:58,0
DA:63,0
DA:64,0
DA:68,0
DA:72,0
DA:76,0
DA:77,0
DA:81,0
DA:85,0
DA:89,0
DA:90,0
DA:94,0
DA:98,0
DA:102,0
DA:103,0
DA:107,0
LF:35
LH:0
BRDA:23,0,0,0
BRDA:23,0,1,0
BRDA:36,1,0,0
BRDA:36,1,1,0
BRDA:49,2,0,0
BRDA:49,2,1,0
BRDA:63,3,0,0
BRDA:63,3,1,0
BRDA:76,4,0,0
BRDA:76,4,1,0
BRDA:89,5,0,0
BRDA:89,5,1,0
BRDA:102,6,0,0
BRDA:102,6,1,0
BRDA:34,7,0,0
BRDA:34,7,1,0
BRDA:34,8,0,0
BRDA:34,8,1,0
BRDA:61,9,0,0
BRDA:61,9,1,0
BRDA:61,10,0,0
BRDA:61,10,1,0
BRDA:19,11,0,0
BRDA:19,11,1,0
BRDA:19,12,0,0
BRDA:19,12,1,0
BRF:26
BRH:0
end_of_record
TN:
SF:src\messages\messages.module.ts
FNF:0
FNH:0
DA:1,0
DA:3,0
DA:4,0
DA:10,0
LF:4
LH:0
BRF:0
BRH:0
end_of_record
TN:
SF:src\messages\messages.service.ts
FN:12,(anonymous_2)
FN:14,(anonymous_3)
FN:18,(anonymous_4)
FN:28,(anonymous_5)
FN:75,(anonymous_6)
FN:88,(anonymous_7)
FN:93,(anonymous_8)
FN:100,(anonymous_9)
FN:119,(anonymous_10)
FN:150,(anonymous_11)
FN:155,(anonymous_12)
FN:173,(anonymous_13)
FN:184,(anonymous_14)
FN:256,(anonymous_15)
FN:282,(anonymous_16)
FN:294,(anonymous_17)
FN:360,(anonymous_18)
FNF:17
FNH:0
FNDA:0,(anonymous_2)
FNDA:0,(anonymous_3)
FNDA:0,(anonymous_4)
FNDA:0,(anonymous_5)
FNDA:0,(anonymous_6)
FNDA:0,(anonymous_7)
FNDA:0,(anonymous_8)
FNDA:0,(anonymous_9)
FNDA:0,(anonymous_10)
FNDA:0,(anonymous_11)
FNDA:0,(anonymous_12)
FNDA:0,(anonymous_13)
FNDA:0,(anonymous_14)
FNDA:0,(anonymous_15)
FNDA:0,(anonymous_16)
FNDA:0,(anonymous_17)
FNDA:0,(anonymous_18)
DA:1,0
DA:6,0
DA:8,0
DA:11,0
DA:12,0
DA:15,0
DA:22,0
DA:23,0
DA:24,0
DA:25,0
DA:59,0
DA:62,0
DA:63,0
DA:76,0
DA:86,0
DA:89,0
DA:94,0
DA:101,0
DA:102,0
DA:103,0
DA:105,0
DA:106,0
DA:109,0
DA:113,0
DA:114,0
DA:116,0
DA:123,0
DA:151,0
DA:152,0
DA:156,0
DA:157,0
DA:170,0
DA:174,0
DA:175,0
DA:181,0
DA:185,0
DA:187,0
DA:192,0
DA:193,0
DA:194,0
DA:195,0
DA:201,0
DA:202,0
DA:204,0
DA:205,0
DA:208,0
DA:209,0
DA:232,0
DA:237,0
DA:241,0
DA:245,0
DA:246,0
DA:252,0
DA:257,0
DA:281,0
DA:284,0
DA:285,0
DA:286,0
DA:295,0
DA:341,0
DA:342,0
DA:346,0
DA:349,0
DA:351,0
DA:366,0
DA:367,0
DA:368,0
DA:369,0
DA:372,0
DA:383,0
DA:384,0
DA:388,0
DA:391,0
DA:392,0
DA:393,0
DA:395,0
DA:396,0
DA:399,0
DA:400,0
DA:401,0
DA:408,0
DA:409,0
DA:411,0
DA:414,0
DA:458,0
LF:85
LH:0
BRDA:15,0,0,0
BRDA:15,0,1,0
BRDA:22,1,0,0
BRDA:22,1,1,0
BRDA:23,2,0,0
BRDA:23,2,1,0
BRDA:24,3,0,0
BRDA:24,3,1,0
BRDA:59,4,0,0
BRDA:59,4,1,0
BRDA:68,5,0,0
BRDA:68,5,1,0
BRDA:68,5,2,0
BRDA:89,6,0,0
BRDA:89,6,1,0
BRDA:94,7,0,0
BRDA:94,7,1,0
BRDA:102,8,0,0
BRDA:102,8,1,0
BRDA:105,9,0,0
BRDA:105,9,1,0
BRDA:113,10,0,0
BRDA:113,10,1,0
BRDA:194,11,0,0
BRDA:194,11,1,0
BRDA:201,12,0,0
BRDA:201,12,1,0
BRDA:204,13,0,0
BRDA:204,13,1,0
BRDA:237,14,0,0
BRDA:237,14,1,0
BRDA:238,15,0,0
BRDA:238,15,1,0
BRDA:245,16,0,0
BRDA:245,16,1,0
BRDA:284,17,0,0
BRDA:284,17,1,0
BRDA:341,18,0,0
BRDA:341,18,1,0
BRDA:346,19,0,0
BRDA:346,19,1,0
BRDA:366,20,0,0
BRDA:366,20,1,0
BRDA:367,21,0,0
BRDA:367,21,1,0
BRDA:368,22,0,0
BRDA:368,22,1,0
BRDA:368,23,0,0
BRDA:368,23,1,0
BRDA:383,24,0,0
BRDA:383,24,1,0
BRDA:388,25,0,0
BRDA:388,25,1,0
BRDA:392,26,0,0
BRDA:392,26,1,0
BRDA:395,27,0,0
BRDA:395,27,1,0
BRDA:400,28,0,0
BRDA:400,28,1,0
BRDA:408,29,0,0
BRDA:408,29,1,0
BRDA:12,30,0,0
BRDA:12,30,1,0
BRDA:12,31,0,0
BRDA:12,31,1,0
BRF:65
BRH:0
end_of_record
TN:
SF:src\messages\dto\create-conversation.dto.ts
FNF:0
FNH:0
DA:1,0
DA:3,0
DA:6,0
LF:3
LH:0
BRF:0
BRH:0
end_of_record
TN:
SF:src\messages\dto\send-message.dto.ts
FNF:0
FNH:0
DA:1,0
DA:3,0
DA:7,0
DA:11,0
LF:4
LH:0
BRF:0
BRH:0
end_of_record
TN:
SF:src\payments\payments.controller.ts
FN:18,(anonymous_4)
FN:21,(anonymous_5)
FN:32,(anonymous_6)
FNF:3
FNH:0
FNDA:0,(anonymous_4)
FNDA:0,(anonymous_5)
FNDA:0,(anonymous_6)
DA:1,0
DA:13,0
DA:14,0
DA:17,0
DA:18,0
DA:21,0
DA:22,0
DA:23,0
DA:27,0
DA:32,0
DA:33,0
DA:34,0
DA:35,0
DA:37,0
DA:38,0
DA:39,0
DA:41,0
DA:42,0
LF:18
LH:0
BRDA:22,0,0,0
BRDA:22,0,1,0
BRDA:34,1,0,0
BRDA:34,1,1,0
BRDA:38,2,0,0
BRDA:38,2,1,0
BRDA:18,3,0,0
BRDA:18,3,1,0
BRDA:18,4,0,0
BRDA:18,4,1,0
BRF:10
BRH:0
end_of_record
TN:
SF:src\payments\payments.module.ts
FNF:0
FNH:0
DA:1,0
DA:3,0
DA:4,0
DA:5,0
DA:12,0
LF:5
LH:0
BRF:0
BRH:0
end_of_record
TN:
SF:src\payments\payments.service.ts
FN:27,createStripeClient
FN:39,(anonymous_12)
FN:47,(anonymous_13)
FN:88,(anonymous_14)
FNF:4
FNH:0
FNDA:0,createStripeClient
FNDA:0,(anonymous_12)
FNDA:0,(anonymous_13)
FNDA:0,(anonymous_14)
DA:1,0
DA:6,0
DA:7,0
DA:9,0
DA:28,0
DA:32,0
DA:36,0
DA:40,0
DA:41,0
DA:43,0
DA:44,0
DA:49,0
DA:50,0
DA:51,0
DA:53,0
DA:56,0
DA:57,0
DA:62,0
DA:82,0
DA:83,0
DA:85,0
DA:89,0
DA:91,0
DA:92,0
DA:98,0
DA:101,0
DA:102,0
DA:107,0
DA:108,0
DA:111,0
DA:112,0
DA:113,0
DA:115,0
LF:33
LH:0
BRDA:49,0,0,0
BRDA:49,0,1,0
BRDA:53,1,0,0
BRDA:53,1,1,0
BRDA:53,2,0,0
BRDA:53,2,1,0
BRDA:56,3,0,0
BRDA:56,3,1,0
BRDA:56,4,0,0
BRDA:56,4,1,0
BRDA:82,5,0,0
BRDA:82,5,1,0
BRDA:101,6,0,0
BRDA:101,6,1,0
BRDA:107,7,0,0
BRDA:107,7,1,0
BRDA:111,8,0,0
BRDA:111,8,1,0
BRDA:111,8,2,0
BRDA:112,9,0,0
BRDA:112,9,1,0
BRDA:40,10,0,0
BRDA:40,10,1,0
BRDA:40,11,0,0
BRDA:40,11,1,0
BRDA:40,12,0,0
BRDA:40,12,1,0
BRDA:40,13,0,0
BRDA:40,13,1,0
BRF:29
BRH:0
end_of_record
TN:
SF:src\prisma\prisma.module.ts
FNF:0
FNH:0
DA:1,0
DA:2,0
DA:9,0
LF:3
LH:0
BRF:0
BRH:0
end_of_record
TN:
SF:src\prisma\prisma.service.ts
FN:10,(anonymous_2)
FN:20,(anonymous_3)
FN:24,(anonymous_4)
FNF:3
FNH:0
FNDA:0,(anonymous_2)
FNDA:0,(anonymous_3)
FNDA:0,(anonymous_4)
DA:1,0
DA:2,0
DA:3,0
DA:6,0
DA:10,0
DA:11,0
DA:21,0
DA:25,0
LF:8
LH:0
BRDA:10,0,0,0
BRDA:10,0,1,0
BRDA:10,1,0,0
BRDA:10,1,1,0
BRF:4
BRH:0
end_of_record
TN:
SF:src\recipes\dish-image-pollinations.ts
FN:8,buildDishImagePrompt
FN:21,fetchPollinationsDishImage
FNF:2
FNH:0
FNDA:0,buildDishImagePrompt
FNDA:0,fetchPollinationsDishImage
DA:6,0
DA:8,0
DA:9,0
DA:10,0
DA:18,0
DA:21,0
DA:25,0
DA:26,0
DA:32,0
DA:34,0
DA:39,0
DA:40,0
DA:43,0
DA:44,0
DA:45,0
DA:47,0
DA:48,0
DA:49,0
DA:51,0
LF:19
LH:0
BRDA:13,0,0,0
BRDA:13,0,1,0
BRDA:18,1,0,0
BRDA:18,1,1,0
BRDA:39,2,0,0
BRDA:39,2,1,0
BRDA:43,3,0,0
BRDA:43,3,1,0
BRDA:44,4,0,0
BRDA:44,4,1,0
BRDA:48,5,0,0
BRDA:48,5,1,0
BRF:12
BRH:0
end_of_record
TN:
SF:src\recipes\feed-filters.util.ts
FN:4,parseCommaSeparatedFilter
FN:8,(anonymous_1)
FN:9,(anonymous_2)
FNF:3
FNH:3
FNDA:5,parseCommaSeparatedFilter
FNDA:7,(anonymous_1)
FNDA:7,(anonymous_2)
DA:4,1
DA:5,5
DA:6,2
DA:8,7
DA:9,7
LF:5
LH:5
BRDA:5,0,0,3
BRDA:5,0,1,2
BRF:2
BRH:2
end_of_record
TN:
SF:src\recipes\recipe-comments.controller.ts
FN:22,(anonymous_4)
FN:25,(anonymous_5)
FN:33,(anonymous_6)
FN:51,(anonymous_7)
FNF:4
FNH:0
FNDA:0,(anonymous_4)
FNDA:0,(anonymous_5)
FNDA:0,(anonymous_6)
FNDA:0,(anonymous_7)
DA:1,0
DA:12,0
DA:13,0
DA:14,0
DA:21,0
DA:22,0
DA:25,0
DA:29,0
DA:33,0
DA:38,0
DA:39,0
DA:43,0
DA:51,0
DA:56,0
DA:57,0
DA:61,0
LF:16
LH:0
BRDA:38,0,0,0
BRDA:38,0,1,0
BRDA:56,1,0,0
BRDA:56,1,1,0
BRDA:36,2,0,0
BRDA:36,2,1,0
BRDA:36,3,0,0
BRDA:36,3,1,0
BRDA:22,4,0,0
BRDA:22,4,1,0
BRDA:22,5,0,0
BRDA:22,5,1,0
BRF:12
BRH:0
end_of_record
TN:
SF:src\recipes\recipe-favorites.controller.ts
FN:18,(anonymous_4)
FN:21,(anonymous_5)
FN:31,(anonymous_6)
FN:42,(anonymous_7)
FNF:4
FNH:0
FNDA:0,(anonymous_4)
FNDA:0,(anonymous_5)
FNDA:0,(anonymous_6)
FNDA:0,(anonymous_7)
DA:1,0
DA:9,0
DA:10,0
DA:17,0
DA:18,0
DA:21,0
DA:22,0
DA:23,0
DA:27,0
DA:31,0
DA:32,0
DA:33,0
DA:37,0
DA:42,0
DA:46,0
LF:15
LH:0
BRDA:22,0,0,0
BRDA:22,0,1,0
BRDA:32,1,0,0
BRDA:32,1,1,0
BRDA:18,2,0,0
BRDA:18,2,1,0
BRDA:18,3,0,0
BRDA:18,3,1,0
BRF:8
BRH:0
end_of_record
TN:
SF:src\recipes\recipes.controller.ts
FN:22,(anonymous_4)
FN:26,(anonymous_5)
FN:31,(anonymous_6)
FN:63,(anonymous_7)
FN:73,(anonymous_8)
FN:87,(anonymous_9)
FN:105,(anonymous_10)
FN:115,(anonymous_11)
FN:128,(anonymous_12)
FN:141,(anonymous_13)
FN:155,(anonymous_14)
FN:168,(anonymous_15)
FN:181,(anonymous_16)
FN:194,(anonymous_17)
FN:207,(anonymous_18)
FN:215,(anonymous_19)
FNF:16
FNH:0
FNDA:0,(anonymous_4)
FNDA:0,(anonymous_5)
FNDA:0,(anonymous_6)
FNDA:0,(anonymous_7)
FNDA:0,(anonymous_8)
FNDA:0,(anonymous_9)
FNDA:0,(anonymous_10)
FNDA:0,(anonymous_11)
FNDA:0,(anonymous_12)
FNDA:0,(anonymous_13)
FNDA:0,(anonymous_14)
FNDA:0,(anonymous_15)
FNDA:0,(anonymous_16)
FNDA:0,(anonymous_17)
FNDA:0,(anonymous_18)
FNDA:0,(anonymous_19)
DA:1,0
DA:13,0
DA:14,0
DA:15,0
DA:16,0
DA:17,0
DA:18,0
DA:21,0
DA:22,0
DA:26,0
DA:27,0
DA:31,0
DA:47,0
DA:48,0
DA:49,0
DA:63,0
DA:64,0
DA:65,0
DA:69,0
DA:73,0
DA:77,0
DA:78,0
DA:82,0
DA:87,0
DA:92,0
DA:93,0
DA:97,0
DA:105,0
DA:106,0
DA:107,0
DA:111,0
DA:115,0
DA:119,0
DA:120,0
DA:124,0
DA:128,0
DA:132,0
DA:133,0
DA:137,0
DA:141,0
DA:146,0
DA:147,0
DA:151,0
DA:155,0
DA:159,0
DA:160,0
DA:164,0
DA:168,0
DA:172,0
DA:173,0
DA:177,0
DA:181,0
DA:185,0
DA:186,0
DA:190,0
DA:194,0
DA:198,0
DA:199,0
DA:203,0
DA:207,0
DA:211,0
DA:215,0
DA:216,0
DA:217,0
DA:221,0
LF:65
LH:0
BRDA:47,0,0,0
BRDA:47,0,1,0
BRDA:47,1,0,0
BRDA:47,1,1,0
BRDA:48,2,0,0
BRDA:48,2,1,0
BRDA:48,3,0,0
BRDA:48,3,1,0
BRDA:64,4,0,0
BRDA:64,4,1,0
BRDA:77,5,0,0
BRDA:77,5,1,0
BRDA:92,6,0,0
BRDA:92,6,1,0
BRDA:106,7,0,0
BRDA:106,7,1,0
BRDA:119,8,0,0
BRDA:119,8,1,0
BRDA:132,9,0,0
BRDA:132,9,1,0
BRDA:146,10,0,0
BRDA:146,10,1,0
BRDA:159,11,0,0
BRDA:159,11,1,0
BRDA:172,12,0,0
BRDA:172,12,1,0
BRDA:185,13,0,0
BRDA:185,13,1,0
BRDA:198,14,0,0
BRDA:198,14,1,0
BRDA:216,15,0,0
BRDA:216,15,1,0
BRDA:75,16,0,0
BRDA:75,16,1,0
BRDA:75,17,0,0
BRDA:75,17,1,0
BRDA:76,18,0,0
BRDA:76,18,1,0
BRDA:76,19,0,0
BRDA:76,19,1,0
BRDA:90,20,0,0
BRDA:90,20,1,0
BRDA:90,21,0,0
BRDA:90,21,1,0
BRDA:105,22,0,0
BRDA:105,22,1,0
BRDA:105,23,0,0
BRDA:105,23,1,0
BRDA:144,24,0,0
BRDA:144,24,1,0
BRDA:144,25,0,0
BRDA:144,25,1,0
BRDA:22,26,0,0
BRDA:22,26,1,0
BRDA:22,27,0,0
BRDA:22,27,1,0
BRF:56
BRH:0
end_of_record
TN:
SF:src\recipes\recipes.module.ts
FNF:0
FNH:0
DA:1,0
DA:2,0
DA:3,0
DA:4,0
DA:5,0
DA:6,0
DA:7,0
DA:18,0
LF:8
LH:0
BRF:0
BRH:0
end_of_record
TN:
SF:src\recipes\recipes.service.ts
FN:32,(anonymous_2)
FN:40,(anonymous_3)
FN:48,(anonymous_4)
FN:49,(anonymous_5)
FN:51,(anonymous_6)
FN:52,(anonymous_7)
FN:52,(anonymous_8)
FN:58,(anonymous_9)
FN:59,(anonymous_10)
FN:61,(anonymous_11)
FN:63,(anonymous_12)
FN:64,(anonymous_13)
FN:71,(anonymous_14)
FN:96,(anonymous_15)
FN:99,(anonymous_16)
FN:104,(anonymous_17)
FN:108,(anonymous_18)
FN:114,(anonymous_19)
FN:119,(anonymous_20)
FN:130,(anonymous_21)
FN:134,(anonymous_22)
FN:139,(anonymous_23)
FN:150,(anonymous_24)
FN:154,(anonymous_25)
FN:159,(anonymous_26)
FN:170,(anonymous_27)
FN:174,(anonymous_28)
FN:265,(anonymous_29)
FN:286,(anonymous_30)
FN:293,(anonymous_31)
FN:338,(anonymous_32)
FN:360,(anonymous_33)
FN:386,(anonymous_34)
FN:408,(anonymous_35)
FN:433,(anonymous_36)
FN:460,(anonymous_37)
FN:476,(anonymous_38)
FN:500,(anonymous_39)
FN:514,(anonymous_40)
FN:536,(anonymous_41)
FN:549,(anonymous_42)
FN:558,(anonymous_43)
FN:584,(anonymous_44)
FN:606,(anonymous_45)
FN:617,(anonymous_46)
FN:681,(anonymous_47)
FN:689,(anonymous_48)
FN:750,(anonymous_49)
FN:763,(anonymous_50)
FN:766,(anonymous_51)
FN:768,(anonymous_52)
FN:787,(anonymous_53)
FN:807,(anonymous_54)
FN:815,(anonymous_55)
FN:827,(anonymous_56)
FN:847,(anonymous_57)
FN:866,(anonymous_58)
FN:935,(anonymous_59)
FN:945,(anonymous_60)
FN:1012,(anonymous_61)
FN:1026,(anonymous_62)
FN:1040,(anonymous_63)
FNF:62
FNH:0
FNDA:0,(anonymous_2)
FNDA:0,(anonymous_3)
FNDA:0,(anonymous_4)
FNDA:0,(anonymous_5)
FNDA:0,(anonymous_6)
FNDA:0,(anonymous_7)
FNDA:0,(anonymous_8)
FNDA:0,(anonymous_9)
FNDA:0,(anonymous_10)
FNDA:0,(anonymous_11)
FNDA:0,(anonymous_12)
FNDA:0,(anonymous_13)
FNDA:0,(anonymous_14)
FNDA:0,(anonymous_15)
FNDA:0,(anonymous_16)
FNDA:0,(anonymous_17)
FNDA:0,(anonymous_18)
FNDA:0,(anonymous_19)
FNDA:0,(anonymous_20)
FNDA:0,(anonymous_21)
FNDA:0,(anonymous_22)
FNDA:0,(anonymous_23)
FNDA:0,(anonymous_24)
FNDA:0,(anonymous_25)
FNDA:0,(anonymous_26)
FNDA:0,(anonymous_27)
FNDA:0,(anonymous_28)
FNDA:0,(anonymous_29)
FNDA:0,(anonymous_30)
FNDA:0,(anonymous_31)
FNDA:0,(anonymous_32)
FNDA:0,(anonymous_33)
FNDA:0,(anonymous_34)
FNDA:0,(anonymous_35)
FNDA:0,(anonymous_36)
FNDA:0,(anonymous_37)
FNDA:0,(anonymous_38)
FNDA:0,(anonymous_39)
FNDA:0,(anonymous_40)
FNDA:0,(anonymous_41)
FNDA:0,(anonymous_42)
FNDA:0,(anonymous_43)
FNDA:0,(anonymous_44)
FNDA:0,(anonymous_45)
FNDA:0,(anonymous_46)
FNDA:0,(anonymous_47)
FNDA:0,(anonymous_48)
FNDA:0,(anonymous_49)
FNDA:0,(anonymous_50)
FNDA:0,(anonymous_51)
FNDA:0,(anonymous_52)
FNDA:0,(anonymous_53)
FNDA:0,(anonymous_54)
FNDA:0,(anonymous_55)
FNDA:0,(anonymous_56)
FNDA:0,(anonymous_57)
FNDA:0,(anonymous_58)
FNDA:0,(anonymous_59)
FNDA:0,(anonymous_60)
FNDA:0,(anonymous_61)
FNDA:0,(anonymous_62)
FNDA:0,(anonymous_63)
DA:1,0
DA:8,0
DA:9,0
DA:10,0
DA:11,0
DA:12,0
DA:16,0
DA:20,0
DA:29,0
DA:30,0
DA:33,0
DA:34,0
DA:35,0
DA:36,0
DA:41,0
DA:45,0
DA:48,0
DA:49,0
DA:51,0
DA:52,0
DA:53,0
DA:55,0
DA:58,0
DA:59,0
DA:61,0
DA:62,0
DA:63,0
DA:64,0
DA:65,0
DA:72,0
DA:73,0
DA:74,0
DA:75,0
DA:96,0
DA:100,0
DA:101,0
DA:105,0
DA:106,0
DA:108,0
DA:117,0
DA:118,0
DA:120,0
DA:125,0
DA:130,0
DA:137,0
DA:138,0
DA:140,0
DA:145,0
DA:150,0
DA:157,0
DA:158,0
DA:160,0
DA:165,0
DA:170,0
DA:188,0
DA:189,0
DA:190,0
DA:191,0
DA:193,0
DA:194,0
DA:195,0
DA:197,0
DA:198,0
DA:199,0
DA:201,0
DA:202,0
DA:203,0
DA:204,0
DA:205,0
DA:207,0
DA:209,0
DA:210,0
DA:211,0
DA:212,0
DA:213,0
DA:215,0
DA:217,0
DA:218,0
DA:219,0
DA:222,0
DA:223,0
DA:226,0
DA:227,0
DA:228,0
DA:231,0
DA:232,0
DA:234,0
DA:237,0
DA:238,0
DA:239,0
DA:240,0
DA:242,0
DA:243,0
DA:263,0
DA:264,0
DA:265,0
DA:266,0
DA:268,0
DA:274,0
DA:284,0
DA:285,0
DA:286,0
DA:287,0
DA:315,0
DA:339,0
DA:360,0
DA:361,0
DA:362,0
DA:387,0
DA:408,0
DA:409,0
DA:410,0
DA:434,0
DA:437,0
DA:438,0
DA:440,0
DA:441,0
DA:445,0
DA:451,0
DA:454,0
DA:457,0
DA:461,0
DA:464,0
DA:465,0
DA:467,0
DA:470,0
DA:473,0
DA:477,0
DA:480,0
DA:481,0
DA:483,0
DA:484,0
DA:488,0
DA:494,0
DA:497,0
DA:501,0
DA:504,0
DA:505,0
DA:507,0
DA:510,0
DA:518,0
DA:519,0
DA:521,0
DA:525,0
DA:526,0
DA:528,0
DA:529,0
DA:530,0
DA:533,0
DA:537,0
DA:538,0
DA:549,0
DA:563,0
DA:564,0
DA:565,0
DA:566,0
DA:568,0
DA:589,0
DA:593,0
DA:594,0
DA:596,0
DA:600,0
DA:602,0
DA:603,0
DA:607,0
DA:618,0
DA:619,0
DA:621,0
DA:642,0
DA:643,0
DA:645,0
DA:646,0
DA:647,0
DA:651,0
DA:655,0
DA:658,0
DA:682,0
DA:683,0
DA:684,0
DA:687,0
DA:688,0
DA:689,0
DA:710,0
DA:731,0
DA:732,0
DA:750,0
DA:751,0
DA:755,0
DA:763,0
DA:767,0
DA:768,0
DA:770,0
DA:771,0
DA:772,0
DA:788,0
DA:789,0
DA:790,0
DA:792,0
DA:793,0
DA:796,0
DA:798,0
DA:799,0
DA:800,0
DA:801,0
DA:803,0
DA:805,0
DA:806,0
DA:807,0
DA:809,0
DA:810,0
DA:812,0
DA:814,0
DA:815,0
DA:816,0
DA:817,0
DA:819,0
DA:821,0
DA:822,0
DA:823,0
DA:825,0
DA:826,0
DA:827,0
DA:830,0
DA:831,0
DA:836,0
DA:837,0
DA:840,0
DA:841,0
DA:844,0
DA:851,0
DA:852,0
DA:853,0
DA:855,0
DA:856,0
DA:859,0
DA:866,0
DA:870,0
DA:874,0
DA:875,0
DA:876,0
DA:879,0
DA:893,0
DA:894,0
DA:895,0
DA:898,0
DA:899,0
DA:900,0
DA:901,0
DA:903,0
DA:906,0
DA:911,0
DA:917,0
DA:921,0
DA:923,0
DA:927,0
DA:936,0
DA:937,0
DA:938,0
DA:939,0
DA:950,0
DA:953,0
DA:954,0
DA:956,0
DA:957,0
DA:960,0
DA:961,0
DA:965,0
DA:966,0
DA:967,0
DA:968,0
DA:969,0
DA:970,0
DA:972,0
DA:975,0
DA:976,0
DA:977,0
DA:979,0
DA:983,0
DA:984,0
DA:985,0
DA:990,0
DA:991,0
DA:994,0
DA:995,0
DA:1001,0
DA:1006,0
DA:1007,0
DA:1008,0
DA:1013,0
DA:1014,0
DA:1015,0
DA:1017,0
DA:1018,0
DA:1020,0
DA:1021,0
DA:1023,0
DA:1027,0
DA:1028,0
DA:1029,0
DA:1031,0
DA:1032,0
DA:1034,0
DA:1041,0
DA:1042,0
DA:1043,0
DA:1045,0
DA:1046,0
DA:1048,0
LF:308
LH:0
BRDA:73,0,0,0
BRDA:73,0,1,0
BRDA:101,1,0,0
BRDA:101,1,1,0
BRDA:105,2,0,0
BRDA:105,2,1,0
BRDA:117,3,0,0
BRDA:117,3,1,0
BRDA:137,4,0,0
BRDA:137,4,1,0
BRDA:157,5,0,0
BRDA:157,5,1,0
BRDA:190,6,0,0
BRDA:190,6,1,0
BRDA:194,7,0,0
BRDA:194,7,1,0
BRDA:198,8,0,0
BRDA:198,8,1,0
BRDA:202,9,0,0
BRDA:202,9,1,0
BRDA:204,10,0,0
BRDA:204,10,1,0
BRDA:210,11,0,0
BRDA:210,11,1,0
BRDA:212,12,0,0
BRDA:212,12,1,0
BRDA:218,13,0,0
BRDA:218,13,1,0
BRDA:222,14,0,0
BRDA:222,14,1,0
BRDA:227,15,0,0
BRDA:227,15,1,0
BRDA:231,16,0,0
BRDA:231,16,1,0
BRDA:237,17,0,0
BRDA:237,17,1,0
BRDA:242,18,0,0
BRDA:242,18,1,0
BRDA:264,19,0,0
BRDA:264,19,1,0
BRDA:270,20,0,0
BRDA:270,20,1,0
BRDA:285,21,0,0
BRDA:285,21,1,0
BRDA:289,22,0,0
BRDA:289,22,1,0
BRDA:437,23,0,0
BRDA:437,23,1,0
BRDA:445,24,0,0
BRDA:445,24,1,0
BRDA:446,25,0,0
BRDA:446,25,1,0
BRDA:464,26,0,0
BRDA:464,26,1,0
BRDA:480,27,0,0
BRDA:480,27,1,0
BRDA:488,28,0,0
BRDA:488,28,1,0
BRDA:489,29,0,0
BRDA:489,29,1,0
BRDA:504,30,0,0
BRDA:504,30,1,0
BRDA:518,31,0,0
BRDA:518,31,1,0
BRDA:518,32,0,0
BRDA:518,32,1,0
BRDA:518,32,2,0
BRDA:525,33,0,0
BRDA:525,33,1,0
BRDA:528,34,0,0
BRDA:528,34,1,0
BRDA:529,35,0,0
BRDA:529,35,1,0
BRDA:529,36,0,0
BRDA:529,36,1,0
BRDA:565,37,0,0
BRDA:565,37,1,0
BRDA:593,38,0,0
BRDA:593,38,1,0
BRDA:596,39,0,0
BRDA:596,39,1,0
BRDA:597,40,0,0
BRDA:597,40,1,0
BRDA:618,41,0,0
BRDA:618,41,1,0
BRDA:618,42,0,0
BRDA:618,42,1,0
BRDA:618,42,2,0
BRDA:626,43,0,0
BRDA:626,43,1,0
BRDA:642,44,0,0
BRDA:642,44,1,0
BRDA:645,45,0,0
BRDA:645,45,1,0
BRDA:646,46,0,0
BRDA:646,46,1,0
BRDA:646,47,0,0
BRDA:646,47,1,0
BRDA:651,48,0,0
BRDA:651,48,1,0
BRDA:651,49,0,0
BRDA:651,49,1,0
BRDA:655,50,0,0
BRDA:655,50,1,0
BRDA:655,51,0,0
BRDA:655,51,1,0
BRDA:683,52,0,0
BRDA:683,52,1,0
BRDA:731,53,0,0
BRDA:731,53,1,0
BRDA:767,54,0,0
BRDA:767,54,1,0
BRDA:777,55,0,0
BRDA:777,55,1,0
BRDA:778,56,0,0
BRDA:778,56,1,0
BRDA:789,57,0,0
BRDA:789,57,1,0
BRDA:792,58,0,0
BRDA:792,58,1,0
BRDA:798,59,0,0
BRDA:798,59,1,0
BRDA:800,60,0,0
BRDA:800,60,1,0
BRDA:805,61,0,0
BRDA:805,61,1,0
BRDA:809,62,0,0
BRDA:809,62,1,0
BRDA:814,63,0,0
BRDA:814,63,1,0
BRDA:816,64,0,0
BRDA:816,64,1,0
BRDA:821,65,0,0
BRDA:821,65,1,0
BRDA:823,66,0,0
BRDA:823,66,1,0
BRDA:825,67,0,0
BRDA:825,67,1,0
BRDA:830,68,0,0
BRDA:830,68,1,0
BRDA:832,69,0,0
BRDA:832,69,1,0
BRDA:832,70,0,0
BRDA:832,70,1,0
BRDA:836,71,0,0
BRDA:836,71,1,0
BRDA:840,72,0,0
BRDA:840,72,1,0
BRDA:852,73,0,0
BRDA:852,73,1,0
BRDA:855,74,0,0
BRDA:855,74,1,0
BRDA:863,75,0,0
BRDA:863,75,1,0
BRDA:865,76,0,0
BRDA:865,76,1,0
BRDA:870,77,0,0
BRDA:870,77,1,0
BRDA:885,78,0,0
BRDA:885,78,1,0
BRDA:894,79,0,0
BRDA:894,79,1,0
BRDA:903,80,0,0
BRDA:903,80,1,0
BRDA:925,81,0,0
BRDA:925,81,1,0
BRDA:937,82,0,0
BRDA:937,82,1,0
BRDA:938,83,0,0
BRDA:938,83,1,0
BRDA:953,84,0,0
BRDA:953,84,1,0
BRDA:956,85,0,0
BRDA:956,85,1,0
BRDA:966,86,0,0
BRDA:966,86,1,0
BRDA:984,87,0,0
BRDA:984,87,1,0
BRDA:984,88,0,0
BRDA:984,88,1,0
BRDA:990,89,0,0
BRDA:990,89,1,0
BRDA:1006,90,0,0
BRDA:1006,90,1,0
BRDA:1014,91,0,0
BRDA:1014,91,1,0
BRDA:1017,92,0,0
BRDA:1017,92,1,0
BRDA:1020,93,0,0
BRDA:1020,93,1,0
BRDA:1028,94,0,0
BRDA:1028,94,1,0
BRDA:1031,95,0,0
BRDA:1031,95,1,0
BRDA:1042,96,0,0
BRDA:1042,96,1,0
BRDA:1045,97,0,0
BRDA:1045,97,1,0
BRDA:33,98,0,0
BRDA:33,98,1,0
BRDA:33,99,0,0
BRDA:33,99,1,0
BRDA:33,100,0,0
BRDA:33,100,1,0
BRDA:33,101,0,0
BRDA:33,101,1,0
BRDA:34,102,0,0
BRDA:34,102,1,0
BRDA:34,103,0,0
BRDA:34,103,1,0
BRDA:35,104,0,0
BRDA:35,104,1,0
BRDA:35,105,0,0
BRDA:35,105,1,0
BRF:214
BRH:0
end_of_record
TN:
SF:src\recipes\dto\ai-generate-recipe.dto.ts
FN:38,(anonymous_2)
FNF:1
FNH:0
FNDA:0,(anonymous_2)
DA:1,0
DA:2,0
DA:4,0
DA:8,0
DA:12,0
DA:16,0
DA:21,0
DA:27,0
DA:33,0
DA:39,0
DA:40,0
DA:42,0
LF:12
LH:0
BRDA:39,0,0,0
BRDA:39,0,1,0
BRDA:39,1,0,0
BRDA:39,1,1,0
BRDA:40,2,0,0
BRDA:40,2,1,0
BRF:6
BRH:0
end_of_record
TN:
SF:src\recipes\dto\create-recipe-comment.dto.ts
FNF:0
FNH:0
DA:1,0
DA:3,0
DA:8,0
LF:3
LH:0
BRF:0
BRH:0
end_of_record
TN:
SF:src\recipes\dto\create-recipe.dto.ts
FN:29,(anonymous_2)
FNF:1
FNH:0
FNDA:0,(anonymous_2)
DA:1,0
DA:2,0
DA:11,0
DA:14,0
DA:19,0
DA:24,0
DA:29,0
DA:30,0
DA:34,0
DA:39,0
DA:44,0
DA:50,0
LF:12
LH:0
BRDA:29,0,0,0
BRDA:29,0,1,0
BRF:2
BRH:0
end_of_record
TN:
SF:src\recipes\dto\update-recipe.dto.ts
FN:30,(anonymous_2)
FNF:1
FNH:0
FNDA:0,(anonymous_2)
DA:1,0
DA:3,0
DA:6,0
DA:12,0
DA:18,0
DA:22,0
DA:27,0
DA:30,0
DA:32,0
DA:37,0
LF:10
LH:0
BRDA:30,0,0,0
BRDA:30,0,1,0
BRF:2
BRH:0
end_of_record
TN:
SF:src\recipes\dto\upload-dish-image.dto.ts
FNF:0
FNH:0
DA:1,0
DA:4,0
DA:8,0
LF:3
LH:0
BRF:0
BRH:0
end_of_record
TN:
SF:src\storage\storage.module.ts
FNF:0
FNH:0
DA:1,0
DA:3,0
DA:9,0
LF:3
LH:0
BRF:0
BRH:0
end_of_record
TN:
SF:src\storage\storage.service.ts
FN:25,extFromMime
FN:40,(anonymous_3)
FN:75,(anonymous_4)
FN:84,(anonymous_5)
FN:96,(anonymous_6)
FN:100,(anonymous_7)
FN:113,(anonymous_8)
FN:126,(anonymous_9)
FN:146,(anonymous_10)
FN:147,(anonymous_11)
FN:148,(anonymous_12)
FN:151,(anonymous_13)
FN:172,(anonymous_14)
FN:185,(anonymous_15)
FN:191,(anonymous_16)
FNF:15
FNH:0
FNDA:0,extFromMime
FNDA:0,(anonymous_3)
FNDA:0,(anonymous_4)
FNDA:0,(anonymous_5)
FNDA:0,(anonymous_6)
FNDA:0,(anonymous_7)
FNDA:0,(anonymous_8)
FNDA:0,(anonymous_9)
FNDA:0,(anonymous_10)
FNDA:0,(anonymous_11)
FNDA:0,(anonymous_12)
FNDA:0,(anonymous_13)
FNDA:0,(anonymous_14)
FNDA:0,(anonymous_15)
FNDA:0,(anonymous_16)
DA:1,0
DA:7,0
DA:8,0
DA:13,0
DA:14,0
DA:16,0
DA:23,0
DA:26,0
DA:27,0
DA:28,0
DA:29,0
DA:30,0
DA:34,0
DA:35,0
DA:40,0
DA:41,0
DA:45,0
DA:47,0
DA:49,0
DA:52,0
DA:55,0
DA:56,0
DA:61,0
DA:63,0
DA:76,0
DA:77,0
DA:78,0
DA:80,0
DA:86,0
DA:88,0
DA:89,0
DA:91,0
DA:92,0
DA:93,0
DA:97,0
DA:105,0
DA:106,0
DA:107,0
DA:108,0
DA:109,0
DA:110,0
DA:119,0
DA:120,0
DA:121,0
DA:122,0
DA:123,0
DA:127,0
DA:128,0
DA:129,0
DA:130,0
DA:132,0
DA:133,0
DA:140,0
DA:147,0
DA:148,0
DA:156,0
DA:157,0
DA:166,0
DA:168,0
DA:173,0
DA:174,0
DA:176,0
DA:177,0
DA:178,0
DA:180,0
DA:181,0
DA:186,0
DA:187,0
DA:188,0
DA:192,0
DA:193,0
DA:194,0
DA:196,0
LF:73
LH:0
BRDA:26,0,0,0
BRDA:26,0,1,0
BRDA:27,1,0,0
BRDA:27,1,1,0
BRDA:28,2,0,0
BRDA:28,2,1,0
BRDA:29,3,0,0
BRDA:29,3,1,0
BRDA:47,4,0,0
BRDA:47,4,1,0
BRDA:49,5,0,0
BRDA:49,5,1,0
BRDA:52,6,0,0
BRDA:52,6,1,0
BRDA:55,7,0,0
BRDA:55,7,1,0
BRDA:55,8,0,0
BRDA:55,8,1,0
BRDA:69,9,0,0
BRDA:69,9,1,0
BRDA:77,10,0,0
BRDA:77,10,1,0
BRDA:86,11,0,0
BRDA:86,11,1,0
BRDA:88,12,0,0
BRDA:88,12,1,0
BRDA:92,13,0,0
BRDA:92,13,1,0
BRDA:106,14,0,0
BRDA:106,14,1,0
BRDA:120,15,0,0
BRDA:120,15,1,0
BRDA:128,16,0,0
BRDA:128,16,1,0
BRDA:141,17,0,0
BRDA:141,17,1,0
BRDA:173,18,0,0
BRDA:173,18,1,0
BRDA:176,19,0,0
BRDA:176,19,1,0
BRDA:177,20,0,0
BRDA:177,20,1,0
BRDA:180,21,0,0
BRDA:180,21,1,0
BRDA:186,22,0,0
BRDA:186,22,1,0
BRDA:193,23,0,0
BRDA:193,23,1,0
BRDA:40,24,0,0
BRDA:40,24,1,0
BRDA:40,25,0,0
BRDA:40,25,1,0
BRF:52
BRH:0
end_of_record
TN:
SF:src\types\express.d.ts
FNF:0
FNH:0
LF:0
LH:0
BRF:0
BRH:0
end_of_record
TN:
SF:src\users\users.controller.ts
FN:23,(anonymous_4)
FN:30,(anonymous_5)
FN:43,(anonymous_6)
FN:76,(anonymous_7)
FN:81,(anonymous_8)
FN:87,(anonymous_9)
FN:92,(anonymous_10)
FN:97,(anonymous_11)
FNF:8
FNH:0
FNDA:0,(anonymous_4)
FNDA:0,(anonymous_5)
FNDA:0,(anonymous_6)
FNDA:0,(anonymous_7)
FNDA:0,(anonymous_8)
FNDA:0,(anonymous_9)
FNDA:0,(anonymous_10)
FNDA:0,(anonymous_11)
DA:1,0
DA:13,0
DA:16,0
DA:17,0
DA:18,0
DA:19,0
DA:22,0
DA:24,0
DA:25,0
DA:30,0
DA:31,0
DA:32,0
DA:36,0
DA:43,0
DA:47,0
DA:48,0
DA:52,0
DA:53,0
DA:55,0
DA:56,0
DA:57,0
DA:59,0
DA:64,0
DA:66,0
DA:67,0
DA:69,0
DA:70,0
DA:76,0
DA:77,0
DA:81,0
DA:82,0
DA:87,0
DA:88,0
DA:92,0
DA:93,0
DA:97,0
DA:98,0
LF:37
LH:0
BRDA:31,0,0,0
BRDA:31,0,1,0
BRDA:47,1,0,0
BRDA:47,1,1,0
BRDA:52,2,0,0
BRDA:52,2,1,0
BRDA:56,3,0,0
BRDA:56,3,1,0
BRDA:66,4,0,0
BRDA:66,4,1,0
BRDA:69,5,0,0
BRDA:69,5,1,0
BRDA:77,6,0,0
BRDA:77,6,1,0
BRDA:97,7,0,0
BRDA:97,7,1,0
BRDA:97,8,0,0
BRDA:97,8,1,0
BRDA:24,9,0,0
BRDA:24,9,1,0
BRDA:24,10,0,0
BRDA:24,10,1,0
BRDA:24,11,0,0
BRDA:24,11,1,0
BRDA:24,12,0,0
BRDA:24,12,1,0
BRF:26
BRH:0
end_of_record
TN:
SF:src\users\users.module.ts
FNF:0
FNH:0
DA:1,0
DA:3,0
DA:4,0
DA:5,0
DA:13,0
LF:5
LH:0
BRF:0
BRH:0
end_of_record
TN:
SF:src\users\users.service.ts
FN:12,(anonymous_2)
FN:17,(anonymous_3)
FN:21,(anonymous_4)
FN:30,(anonymous_5)
FN:42,(anonymous_6)
FN:65,(anonymous_7)
FN:95,(anonymous_8)
FN:141,(anonymous_9)
FN:154,(anonymous_10)
FN:162,(anonymous_11)
FN:163,(anonymous_12)
FNF:11
FNH:0
FNDA:0,(anonymous_2)
FNDA:0,(anonymous_3)
FNDA:0,(anonymous_4)
FNDA:0,(anonymous_5)
FNDA:0,(anonymous_6)
FNDA:0,(anonymous_7)
FNDA:0,(anonymous_8)
FNDA:0,(anonymous_9)
FNDA:0,(anonymous_10)
FNDA:0,(anonymous_11)
FNDA:0,(anonymous_12)
DA:1,0
DA:6,0
DA:7,0
DA:11,0
DA:13,0
DA:14,0
DA:18,0
DA:22,0
DA:23,0
DA:24,0
DA:26,0
DA:31,0
DA:35,0
DA:36,0
DA:38,0
DA:43,0
DA:44,0
DA:45,0
DA:54,0
DA:62,0
DA:66,0
DA:69,0
DA:70,0
DA:74,0
DA:77,0
DA:78,0
DA:82,0
DA:101,0
DA:104,0
DA:105,0
DA:108,0
DA:109,0
DA:115,0
DA:123,0
DA:126,0
DA:127,0
DA:131,0
DA:142,0
DA:155,0
DA:159,0
DA:160,0
DA:162,0
DA:163,0
DA:164,0
DA:165,0
LF:45
LH:0
BRDA:23,0,0,0
BRDA:23,0,1,0
BRDA:35,1,0,0
BRDA:35,1,1,0
BRDA:44,2,0,0
BRDA:44,2,1,0
BRDA:69,3,0,0
BRDA:69,3,1,0
BRDA:77,4,0,0
BRDA:77,4,1,0
BRDA:104,5,0,0
BRDA:104,5,1,0
BRDA:108,6,0,0
BRDA:108,6,1,0
BRDA:108,7,0,0
BRDA:108,7,1,0
BRDA:126,8,0,0
BRDA:126,8,1,0
BRDA:136,9,0,0
BRDA:136,9,1,0
BRDA:159,10,0,0
BRDA:159,10,1,0
BRDA:13,11,0,0
BRDA:13,11,1,0
BRDA:13,12,0,0
BRDA:13,12,1,0
BRDA:13,13,0,0
BRDA:13,13,1,0
BRDA:13,14,0,0
BRDA:13,14,1,0
BRF:30
BRH:0
end_of_record
TN:
SF:src\users\dto\create-user.dto.ts
FNF:0
FNH:0
DA:1,0
DA:3,0
DA:6,0
DA:9,0
DA:13,0
DA:17,0
LF:6
LH:0
BRF:0
BRH:0
end_of_record
TN:
SF:src\webhooks\clerk-user-json.ts
FN:3,clerkUserJsonToSyncParams
FN:7,(anonymous_1)
FNF:2
FNH:0
FNDA:0,clerkUserJsonToSyncParams
FNDA:0,(anonymous_1)
DA:3,0
DA:4,0
DA:5,0
DA:6,0
DA:7,0
DA:9,0
DA:11,0
DA:12,0
DA:14,0
DA:16,0
DA:20,0
DA:22,0
LF:12
LH:0
BRDA:5,0,0,0
BRDA:5,0,1,0
BRDA:9,1,0,0
BRDA:9,1,1,0
BRDA:11,2,0,0
BRDA:11,2,1,0
BRDA:11,3,0,0
BRDA:11,3,1,0
BRDA:14,4,0,0
BRDA:14,4,1,0
BRDA:20,5,0,0
BRDA:20,5,1,0
BRDA:20,5,2,0
BRDA:26,6,0,0
BRDA:26,6,1,0
BRF:15
BRH:0
end_of_record
TN:
SF:src\webhooks\clerk-webhooks.controller.ts
FN:20,(anonymous_4)
FN:24,(anonymous_5)
FNF:2
FNH:0
FNDA:0,(anonymous_4)
FNDA:0,(anonymous_5)
DA:1,0
DA:10,0
DA:13,0
DA:14,0
DA:17,0
DA:18,0
DA:20,0
DA:24,0
DA:25,0
DA:26,0
DA:27,0
DA:30,0
DA:31,0
DA:38,0
DA:39,0
DA:41,0
DA:42,0
DA:45,0
DA:46,0
DA:47,0
DA:50,0
DA:51,0
DA:54,0
DA:55,0
DA:57,0
DA:58,0
DA:61,0
LF:27
LH:0
BRDA:26,0,0,0
BRDA:26,0,1,0
BRDA:41,1,0,0
BRDA:41,1,1,0
BRDA:46,2,0,0
BRDA:46,2,1,0
BRDA:46,3,0,0
BRDA:46,3,1,0
BRDA:50,4,0,0
BRDA:50,4,1,0
BRDA:50,5,0,0
BRDA:50,5,1,0
BRDA:54,6,0,0
BRDA:54,6,1,0
BRDA:57,7,0,0
BRDA:57,7,1,0
BRDA:20,8,0,0
BRDA:20,8,1,0
BRDA:20,9,0,0
BRDA:20,9,1,0
BRF:20
BRH:0
end_of_record
TN:
SF:src\webhooks\webhooks.module.ts
FNF:0
FNH:0
DA:1,0
DA:3,0
DA:4,0
DA:10,0
LF:4
LH:0
BRF:0
BRH:0
end_of_record
